<?xml version="1.0" encoding="UTF-8"?>
<coverage generated="1777237019940" clover="3.2.0">
  <project timestamp="1777237019941" name="All files">
    <metrics statements="95" coveredstatements="89" conditionals="105" coveredconditionals="98" methods="34" coveredmethods="28" elements="234" coveredelements="215" complexity="0" loc="95" ncloc="95" packages="1" files="2" classes="2"/>
    <file name="ArtistPage.tsx" path="/home/mvhilario/P6-Crescendo/frontend/src/app/pages/ArtistPage.tsx">
      <metrics statements="36" coveredstatements="36" conditionals="43" coveredconditionals="42" methods="10" coveredmethods="10"/>
      <line num="20" count="13" type="stmt"/>
      <line num="21" count="13" type="stmt"/>
      <line num="22" count="13" type="cond" truecount="2" falsecount="0"/>
      <line num="23" count="12" type="cond" truecount="2" falsecount="0"/>
      <line num="24" count="5" type="stmt"/>
      <line num="25" count="5" type="cond" truecount="2" falsecount="0"/>
      <line num="26" count="2" type="stmt"/>
      <line num="30" count="80" type="stmt"/>
      <line num="31" count="80" type="stmt"/>
      <line num="33" count="80" type="stmt"/>
      <line num="36" count="30" type="stmt"/>
      <line num="37" count="29" type="cond" truecount="2" falsecount="0"/>
      <line num="38" count="27" type="stmt"/>
      <line num="43" count="80" type="stmt"/>
      <line num="46" count="80" type="stmt"/>
      <line num="49" count="32" type="stmt"/>
      <line num="50" count="30" type="cond" truecount="2" falsecount="0"/>
      <line num="51" count="27" type="stmt"/>
      <line num="57" count="80" type="cond" truecount="2" falsecount="0"/>
      <line num="60" count="11" type="cond" truecount="1" falsecount="1"/>
      <line num="61" count="11" type="stmt"/>
      <line num="62" count="11" type="stmt"/>
      <line num="63" count="11" type="stmt"/>
      <line num="68" count="7" type="stmt"/>
      <line num="69" count="7" type="cond" truecount="2" falsecount="0"/>
      <line num="70" count="4" type="stmt"/>
      <line num="71" count="4" type="stmt"/>
      <line num="73" count="3" type="cond" truecount="2" falsecount="0"/>
      <line num="76" count="3" type="stmt"/>
      <line num="78" count="10" type="stmt"/>
      <line num="82" count="80" type="stmt"/>
      <line num="83" count="80" type="cond" truecount="2" falsecount="0"/>
      <line num="84" count="80" type="cond" truecount="2" falsecount="0"/>
      <line num="86" count="80" type="stmt"/>
      <line num="123" count="92" type="stmt"/>
      <line num="194" count="6" type="stmt"/>
    </file>
    <file name="DiscoveryPage.tsx" path="/home/mvhilario/P6-Crescendo/frontend/src/app/pages/DiscoveryPage.tsx">
      <metrics statements="59" coveredstatements="53" conditionals="62" coveredconditionals="56" methods="24" coveredmethods="18"/>
      <line num="31" count="0" type="stmt"/>
      <line num="47" count="0" type="stmt"/>
      <line num="72" count="149" type="stmt"/>
      <line num="73" count="149" type="stmt"/>
      <line num="74" count="858" type="cond" truecount="6" falsecount="0"/>
      <line num="75" count="488" type="cond" truecount="2" falsecount="0"/>
      <line num="76" count="26" type="stmt"/>
      <line num="78" count="466" type="stmt"/>
      <line num="81" count="149" type="stmt"/>
      <line num="84" count="1" type="stmt"/>
      <line num="87" count="140" type="stmt"/>
      <line num="88" count="140" type="stmt"/>
      <line num="89" count="140" type="stmt"/>
      <line num="90" count="140" type="stmt"/>
      <line num="91" count="140" type="stmt"/>
      <line num="92" count="140" type="stmt"/>
      <line num="94" count="140" type="stmt"/>
      <line num="103" count="140" type="stmt"/>
      <line num="106" count="83" type="stmt"/>
      <line num="107" count="80" type="cond" truecount="2" falsecount="0"/>
      <line num="108" count="77" type="stmt"/>
      <line num="112" count="140" type="cond" truecount="2" falsecount="0"/>
      <line num="113" count="140" type="cond" truecount="2" falsecount="0"/>
      <line num="114" count="140" type="cond" truecount="2" falsecount="0"/>
      <line num="116" count="140" type="stmt"/>
      <line num="117" count="140" type="stmt"/>
      <line num="118" count="140" type="cond" truecount="3" falsecount="0"/>
      <line num="119" count="140" type="cond" truecount="3" falsecount="0"/>
      <line num="121" count="140" type="stmt"/>
      <line num="122" count="2" type="stmt"/>
      <line num="123" count="2" type="stmt"/>
      <line num="124" count="2" type="stmt"/>
      <line num="125" count="2" type="stmt"/>
      <line num="126" count="2" type="stmt"/>
      <line num="129" count="140" type="stmt"/>
      <line num="150" count="5" type="stmt"/>
      <line num="151" count="5" type="stmt"/>
      <line num="170" count="0" type="stmt"/>
      <line num="176" count="0" type="stmt"/>
      <line num="189" count="8" type="stmt"/>
      <line num="190" count="8" type="stmt"/>
      <line num="194" count="7" type="stmt"/>
      <line num="195" count="7" type="stmt"/>
      <line num="203" count="1" type="cond" truecount="2" falsecount="0"/>
      <line num="210" count="984" type="stmt"/>
      <line num="216" count="0" type="stmt"/>
      <line num="231" count="550" type="stmt"/>
      <line num="241" count="0" type="stmt"/>
      <line num="256" count="1" type="stmt"/>
      <line num="267" count="225" type="cond" truecount="2" falsecount="0"/>
      <line num="268" count="185" type="stmt"/>
      <line num="269" count="40" type="cond" truecount="2" falsecount="0"/>
      <line num="270" count="20" type="stmt"/>
      <line num="271" count="20" type="cond" truecount="2" falsecount="0"/>
      <line num="272" count="5" type="stmt"/>
      <line num="274" count="15" type="stmt"/>
      <line num="277" count="225" type="stmt"/>
      <line num="281" count="18" type="stmt"/>
      <line num="299" count="2" type="stmt"/>
    </file>
  </project>
</coverage>
