<?xml version="1.0" encoding="UTF-8"?>
<coverage generated="1776635173205" clover="3.2.0">
  <project timestamp="1776635173205" name="All files">
    <metrics statements="103" coveredstatements="103" conditionals="146" coveredconditionals="145" methods="36" coveredmethods="36" elements="285" coveredelements="284" complexity="0" loc="103" ncloc="103" packages="1" files="2" classes="2"/>
    <file name="ArtistPage.tsx" path="C:\Users\james\VSCProjects\Cresendo Part 2\P6-Crescendo\frontend\src\app\pages\ArtistPage.tsx">
      <metrics statements="41" coveredstatements="41" conditionals="64" coveredconditionals="63" methods="13" coveredmethods="13"/>
      <line num="23" count="13" type="stmt"/>
      <line num="24" count="13" type="stmt"/>
      <line num="25" count="13" type="cond" truecount="2" falsecount="0"/>
      <line num="26" count="12" type="cond" truecount="2" falsecount="0"/>
      <line num="27" count="5" type="stmt"/>
      <line num="28" count="5" type="cond" truecount="2" falsecount="0"/>
      <line num="29" count="2" type="stmt"/>
      <line num="33" count="90" type="stmt"/>
      <line num="34" count="90" type="stmt"/>
      <line num="35" count="90" type="stmt"/>
      <line num="36" count="90" type="stmt"/>
      <line num="38" count="90" type="stmt"/>
      <line num="41" count="33" type="stmt"/>
      <line num="42" count="32" type="cond" truecount="2" falsecount="0"/>
      <line num="43" count="30" type="stmt"/>
      <line num="48" count="90" type="stmt"/>
      <line num="51" count="90" type="stmt"/>
      <line num="54" count="35" type="stmt"/>
      <line num="55" count="33" type="cond" truecount="2" falsecount="0"/>
      <line num="56" count="30" type="stmt"/>
      <line num="62" count="90" type="cond" truecount="2" falsecount="0"/>
      <line num="65" count="11" type="cond" truecount="1" falsecount="1"/>
      <line num="66" count="11" type="stmt"/>
      <line num="67" count="11" type="stmt"/>
      <line num="68" count="11" type="stmt"/>
      <line num="73" count="7" type="stmt"/>
      <line num="74" count="7" type="cond" truecount="2" falsecount="0"/>
      <line num="75" count="4" type="stmt"/>
      <line num="76" count="4" type="stmt"/>
      <line num="78" count="3" type="cond" truecount="2" falsecount="0"/>
      <line num="81" count="3" type="stmt"/>
      <line num="83" count="10" type="stmt"/>
      <line num="87" count="90" type="cond" truecount="3" falsecount="0"/>
      <line num="88" count="90" type="cond" truecount="4" falsecount="0"/>
      <line num="89" count="90" type="cond" truecount="2" falsecount="0"/>
      <line num="91" count="90" type="stmt"/>
      <line num="128" count="100" type="stmt"/>
      <line num="199" count="6" type="stmt"/>
      <line num="233" count="1" type="stmt"/>
      <line num="244" count="2" type="stmt"/>
      <line num="255" count="1" type="stmt"/>
    </file>
    <file name="DiscoveryPage.tsx" path="C:\Users\james\VSCProjects\Cresendo Part 2\P6-Crescendo\frontend\src\app\pages\DiscoveryPage.tsx">
      <metrics statements="62" coveredstatements="62" conditionals="82" coveredconditionals="82" methods="23" coveredmethods="23"/>
      <line num="33" count="169" type="stmt"/>
      <line num="34" count="169" type="stmt"/>
      <line num="35" count="978" type="cond" truecount="6" falsecount="0"/>
      <line num="36" count="547" type="cond" truecount="2" falsecount="0"/>
      <line num="37" count="26" type="stmt"/>
      <line num="39" count="525" type="stmt"/>
      <line num="42" count="169" type="stmt"/>
      <line num="45" count="1" type="stmt"/>
      <line num="48" count="160" type="stmt"/>
      <line num="49" count="160" type="stmt"/>
      <line num="50" count="160" type="stmt"/>
      <line num="51" count="160" type="stmt"/>
      <line num="52" count="160" type="stmt"/>
      <line num="53" count="160" type="stmt"/>
      <line num="54" count="160" type="stmt"/>
      <line num="55" count="160" type="stmt"/>
      <line num="57" count="160" type="stmt"/>
      <line num="66" count="160" type="stmt"/>
      <line num="69" count="90" type="stmt"/>
      <line num="70" count="87" type="cond" truecount="2" falsecount="0"/>
      <line num="71" count="84" type="stmt"/>
      <line num="75" count="160" type="cond" truecount="2" falsecount="0"/>
      <line num="76" count="160" type="cond" truecount="2" falsecount="0"/>
      <line num="77" count="160" type="cond" truecount="2" falsecount="0"/>
      <line num="78" count="160" type="stmt"/>
      <line num="80" count="160" type="cond" truecount="3" falsecount="0"/>
      <line num="81" count="160" type="cond" truecount="3" falsecount="0"/>
      <line num="83" count="160" type="cond" truecount="5" falsecount="0"/>
      <line num="85" count="160" type="cond" truecount="3" falsecount="0"/>
      <line num="87" count="160" type="stmt"/>
      <line num="88" count="3" type="stmt"/>
      <line num="89" count="3" type="stmt"/>
      <line num="90" count="3" type="stmt"/>
      <line num="91" count="3" type="stmt"/>
      <line num="92" count="3" type="stmt"/>
      <line num="93" count="3" type="stmt"/>
      <line num="96" count="160" type="stmt"/>
      <line num="117" count="5" type="stmt"/>
      <line num="118" count="5" type="stmt"/>
      <line num="140" count="8" type="stmt"/>
      <line num="141" count="8" type="stmt"/>
      <line num="145" count="7" type="stmt"/>
      <line num="146" count="7" type="stmt"/>
      <line num="154" count="1" type="cond" truecount="2" falsecount="0"/>
      <line num="161" count="1056" type="stmt"/>
      <line num="179" count="558" type="stmt"/>
      <line num="197" count="1" type="stmt"/>
      <line num="208" count="225" type="cond" truecount="2" falsecount="0"/>
      <line num="209" count="185" type="stmt"/>
      <line num="210" count="40" type="cond" truecount="2" falsecount="0"/>
      <line num="211" count="20" type="stmt"/>
      <line num="212" count="20" type="cond" truecount="2" falsecount="0"/>
      <line num="213" count="5" type="stmt"/>
      <line num="215" count="15" type="stmt"/>
      <line num="218" count="225" type="stmt"/>
      <line num="222" count="18" type="stmt"/>
      <line num="240" count="2" type="stmt"/>
      <line num="268" count="1" type="stmt"/>
      <line num="279" count="1" type="stmt"/>
      <line num="290" count="3" type="stmt"/>
      <line num="301" count="2" type="stmt"/>
      <line num="313" count="1" type="stmt"/>
    </file>
  </project>
</coverage>
