{"/home/mvhilario/P6-Crescendo/frontend/src/app/pages/ArtistPage.tsx": {"path":"/home/mvhilario/P6-Crescendo/frontend/src/app/pages/ArtistPage.tsx","statementMap":{"0":{"start":{"line":20,"column":15},"end":{"line":20,"column":57}},"1":{"start":{"line":21,"column":18},"end":{"line":21,"column":43}},"2":{"start":{"line":22,"column":2},"end":{"line":22,"column":37}},"3":{"start":{"line":22,"column":19},"end":{"line":22,"column":37}},"4":{"start":{"line":23,"column":2},"end":{"line":23,"column":45}},"5":{"start":{"line":23,"column":20},"end":{"line":23,"column":45}},"6":{"start":{"line":24,"column":16},"end":{"line":24,"column":40}},"7":{"start":{"line":25,"column":2},"end":{"line":25,"column":41}},"8":{"start":{"line":25,"column":18},"end":{"line":25,"column":41}},"9":{"start":{"line":26,"column":2},"end":{"line":26,"column":42}},"10":{"start":{"line":30,"column":17},"end":{"line":30,"column":44}},"11":{"start":{"line":31,"column":38},"end":{"line":31,"column":53}},"12":{"start":{"line":33,"column":57},"end":{"line":41,"column":4}},"13":{"start":{"line":36,"column":6},"end":{"line":39,"column":8}},"14":{"start":{"line":37,"column":8},"end":{"line":37,"column":48}},"15":{"start":{"line":37,"column":19},"end":{"line":37,"column":48}},"16":{"start":{"line":38,"column":8},"end":{"line":38,"column":24}},"17":{"start":{"line":43,"column":17},"end":{"line":43,"column":35}},"18":{"start":{"line":46,"column":4},"end":{"line":55,"column":6}},"19":{"start":{"line":49,"column":8},"end":{"line":52,"column":10}},"20":{"start":{"line":50,"column":10},"end":{"line":50,"column":68}},"21":{"start":{"line":50,"column":21},"end":{"line":50,"column":68}},"22":{"start":{"line":51,"column":10},"end":{"line":51,"column":26}},"23":{"start":{"line":57,"column":22},"end":{"line":57,"column":55}},"24":{"start":{"line":60,"column":4},"end":{"line":60,"column":20}},"25":{"start":{"line":60,"column":13},"end":{"line":60,"column":20}},"26":{"start":{"line":61,"column":4},"end":{"line":61,"column":24}},"27":{"start":{"line":62,"column":4},"end":{"line":79,"column":5}},"28":{"start":{"line":63,"column":18},"end":{"line":67,"column":8}},"29":{"start":{"line":68,"column":21},"end":{"line":68,"column":37}},"30":{"start":{"line":69,"column":6},"end":{"line":74,"column":7}},"31":{"start":{"line":70,"column":8},"end":{"line":70,"column":98}},"32":{"start":{"line":71,"column":8},"end":{"line":71,"column":53}},"33":{"start":{"line":71,"column":25},"end":{"line":71,"column":45}},"34":{"start":{"line":73,"column":8},"end":{"line":73,"column":70}},"35":{"start":{"line":76,"column":6},"end":{"line":76,"column":64}},"36":{"start":{"line":78,"column":6},"end":{"line":78,"column":27}},"37":{"start":{"line":82,"column":22},"end":{"line":82,"column":35}},"38":{"start":{"line":83,"column":23},"end":{"line":83,"column":48}},"39":{"start":{"line":84,"column":22},"end":{"line":84,"column":51}},"40":{"start":{"line":86,"column":2},"end":{"line":218,"column":4}},"41":{"start":{"line":123,"column":18},"end":{"line":128,"column":25}},"42":{"start":{"line":194,"column":18},"end":{"line":209,"column":25}}},"fnMap":{"0":{"name":"formatTime","decl":{"start":{"line":19,"column":16},"end":{"line":19,"column":26}},"loc":{"start":{"line":19,"column":54},"end":{"line":27,"column":1}},"line":19},"1":{"name":"ArtistPage","decl":{"start":{"line":29,"column":24},"end":{"line":29,"column":34}},"loc":{"start":{"line":29,"column":37},"end":{"line":219,"column":1}},"line":29},"2":{"name":"(anonymous_2)","decl":{"start":{"line":35,"column":13},"end":{"line":35,"column":14}},"loc":{"start":{"line":36,"column":6},"end":{"line":39,"column":8}},"line":36},"3":{"name":"(anonymous_3)","decl":{"start":{"line":36,"column":50},"end":{"line":36,"column":51}},"loc":{"start":{"line":36,"column":57},"end":{"line":39,"column":7}},"line":36},"4":{"name":"(anonymous_4)","decl":{"start":{"line":48,"column":15},"end":{"line":48,"column":16}},"loc":{"start":{"line":49,"column":8},"end":{"line":52,"column":10}},"line":49},"5":{"name":"(anonymous_5)","decl":{"start":{"line":49,"column":64},"end":{"line":49,"column":65}},"loc":{"start":{"line":49,"column":71},"end":{"line":52,"column":9}},"line":49},"6":{"name":"handleTrigger","decl":{"start":{"line":59,"column":17},"end":{"line":59,"column":30}},"loc":{"start":{"line":59,"column":33},"end":{"line":80,"column":3}},"line":59},"7":{"name":"(anonymous_7)","decl":{"start":{"line":71,"column":19},"end":{"line":71,"column":20}},"loc":{"start":{"line":71,"column":25},"end":{"line":71,"column":45}},"line":71},"8":{"name":"(anonymous_8)","decl":{"start":{"line":122,"column":35},"end":{"line":122,"column":36}},"loc":{"start":{"line":123,"column":18},"end":{"line":128,"column":25}},"line":123},"9":{"name":"(anonymous_9)","decl":{"start":{"line":193,"column":33},"end":{"line":193,"column":34}},"loc":{"start":{"line":194,"column":18},"end":{"line":209,"column":25}},"line":194}},"branchMap":{"0":{"loc":{"start":{"line":22,"column":2},"end":{"line":22,"column":37}},"type":"if","locations":[{"start":{"line":22,"column":2},"end":{"line":22,"column":37}},{"start":{},"end":{}}],"line":22},"1":{"loc":{"start":{"line":23,"column":2},"end":{"line":23,"column":45}},"type":"if","locations":[{"start":{"line":23,"column":2},"end":{"line":23,"column":45}},{"start":{},"end":{}}],"line":23},"2":{"loc":{"start":{"line":25,"column":2},"end":{"line":25,"column":41}},"type":"if","locations":[{"start":{"line":25,"column":2},"end":{"line":25,"column":41}},{"start":{},"end":{}}],"line":25},"3":{"loc":{"start":{"line":37,"column":8},"end":{"line":37,"column":48}},"type":"if","locations":[{"start":{"line":37,"column":8},"end":{"line":37,"column":48}},{"start":{},"end":{}}],"line":37},"4":{"loc":{"start":{"line":50,"column":10},"end":{"line":50,"column":68}},"type":"if","locations":[{"start":{"line":50,"column":10},"end":{"line":50,"column":68}},{"start":{},"end":{}}],"line":50},"5":{"loc":{"start":{"line":57,"column":22},"end":{"line":57,"column":55}},"type":"binary-expr","locations":[{"start":{"line":57,"column":22},"end":{"line":57,"column":49}},{"start":{"line":57,"column":53},"end":{"line":57,"column":55}}],"line":57},"6":{"loc":{"start":{"line":60,"column":4},"end":{"line":60,"column":20}},"type":"if","locations":[{"start":{"line":60,"column":4},"end":{"line":60,"column":20}},{"start":{},"end":{}}],"line":60},"7":{"loc":{"start":{"line":69,"column":6},"end":{"line":74,"column":7}},"type":"if","locations":[{"start":{"line":69,"column":6},"end":{"line":74,"column":7}},{"start":{"line":72,"column":13},"end":{"line":74,"column":7}}],"line":69},"8":{"loc":{"start":{"line":73,"column":20},"end":{"line":73,"column":68}},"type":"binary-expr","locations":[{"start":{"line":73,"column":20},"end":{"line":73,"column":32}},{"start":{"line":73,"column":36},"end":{"line":73,"column":68}}],"line":73},"9":{"loc":{"start":{"line":83,"column":23},"end":{"line":83,"column":48}},"type":"binary-expr","locations":[{"start":{"line":83,"column":23},"end":{"line":83,"column":37}},{"start":{"line":83,"column":41},"end":{"line":83,"column":48}}],"line":83},"10":{"loc":{"start":{"line":84,"column":22},"end":{"line":84,"column":51}},"type":"binary-expr","locations":[{"start":{"line":84,"column":22},"end":{"line":84,"column":34}},{"start":{"line":84,"column":38},"end":{"line":84,"column":51}}],"line":84},"11":{"loc":{"start":{"line":88,"column":7},"end":{"line":93,"column":7}},"type":"binary-expr","locations":[{"start":{"line":88,"column":7},"end":{"line":88,"column":18}},{"start":{"line":89,"column":8},"end":{"line":92,"column":14}}],"line":88},"12":{"loc":{"start":{"line":95,"column":7},"end":{"line":102,"column":7}},"type":"binary-expr","locations":[{"start":{"line":95,"column":7},"end":{"line":95,"column":19}},{"start":{"line":96,"column":8},"end":{"line":101,"column":14}}],"line":95},"13":{"loc":{"start":{"line":104,"column":7},"end":{"line":215,"column":7}},"type":"binary-expr","locations":[{"start":{"line":104,"column":7},"end":{"line":104,"column":18}},{"start":{"line":104,"column":22},"end":{"line":104,"column":28}},{"start":{"line":105,"column":8},"end":{"line":214,"column":11}}],"line":104},"14":{"loc":{"start":{"line":138,"column":22},"end":{"line":138,"column":83}},"type":"cond-expr","locations":[{"start":{"line":138,"column":52},"end":{"line":138,"column":68}},{"start":{"line":138,"column":71},"end":{"line":138,"column":83}}],"line":138},"15":{"loc":{"start":{"line":159,"column":15},"end":{"line":163,"column":15}},"type":"cond-expr","locations":[{"start":{"line":160,"column":16},"end":{"line":160,"column":60}},{"start":{"line":162,"column":16},"end":{"line":162,"column":43}}],"line":159},"16":{"loc":{"start":{"line":178,"column":13},"end":{"line":183,"column":13}},"type":"binary-expr","locations":[{"start":{"line":178,"column":13},"end":{"line":178,"column":24}},{"start":{"line":179,"column":14},"end":{"line":182,"column":20}}],"line":178},"17":{"loc":{"start":{"line":185,"column":13},"end":{"line":189,"column":13}},"type":"binary-expr","locations":[{"start":{"line":185,"column":13},"end":{"line":185,"column":25}},{"start":{"line":185,"column":29},"end":{"line":185,"column":53}},{"start":{"line":186,"column":14},"end":{"line":188,"column":18}}],"line":185},"18":{"loc":{"start":{"line":191,"column":13},"end":{"line":212,"column":13}},"type":"binary-expr","locations":[{"start":{"line":191,"column":13},"end":{"line":191,"column":25}},{"start":{"line":191,"column":29},"end":{"line":191,"column":51}},{"start":{"line":192,"column":14},"end":{"line":211,"column":20}}],"line":191},"19":{"loc":{"start":{"line":203,"column":44},"end":{"line":203,"column":83}},"type":"cond-expr","locations":[{"start":{"line":203,"column":67},"end":{"line":203,"column":73}},{"start":{"line":203,"column":76},"end":{"line":203,"column":83}}],"line":203}},"s":{"0":13,"1":13,"2":13,"3":1,"4":12,"5":7,"6":5,"7":5,"8":3,"9":2,"10":80,"11":80,"12":80,"13":30,"14":29,"15":2,"16":27,"17":80,"18":80,"19":32,"20":30,"21":3,"22":27,"23":80,"24":11,"25":0,"26":11,"27":11,"28":11,"29":7,"30":7,"31":4,"32":4,"33":1,"34":3,"35":3,"36":10,"37":80,"38":80,"39":80,"40":80,"41":92,"42":6},"f":{"0":13,"1":80,"2":30,"3":29,"4":32,"5":30,"6":11,"7":1,"8":92,"9":6},"b":{"0":[1,12],"1":[7,5],"2":[3,2],"3":[2,27],"4":[3,27],"5":[80,36],"6":[0,11],"7":[4,3],"8":[3,1],"9":[80,50],"10":[80,50],"11":[80,30],"12":[80,4],"13":[80,46,46],"14":[1,45],"15":[11,35],"16":[46,1],"17":[46,45,40],"18":[46,45,5],"19":[1,5]},"_coverageSchema":"1a1c01bbd47fc00a2c39e90264f33305004495a9","hash":"79f539ebd68c8b6fa3f3cb774fd920c36a63a89a"}
,"/home/mvhilario/P6-Crescendo/frontend/src/app/pages/DiscoveryPage.tsx": {"path":"/home/mvhilario/P6-Crescendo/frontend/src/app/pages/DiscoveryPage.tsx","statementMap":{"0":{"start":{"line":31,"column":2},"end":{"line":67,"column":4}},"1":{"start":{"line":47,"column":12},"end":{"line":49,"column":19}},"2":{"start":{"line":72,"column":13},"end":{"line":72,"column":34}},"3":{"start":{"line":73,"column":2},"end":{"line":80,"column":3}},"4":{"start":{"line":74,"column":4},"end":{"line":74,"column":91}},"5":{"start":{"line":74,"column":82},"end":{"line":74,"column":91}},"6":{"start":{"line":75,"column":4},"end":{"line":79,"column":5}},"7":{"start":{"line":76,"column":6},"end":{"line":76,"column":54}},"8":{"start":{"line":76,"column":27},"end":{"line":76,"column":52}},"9":{"start":{"line":78,"column":6},"end":{"line":78,"column":33}},"10":{"start":{"line":81,"column":2},"end":{"line":81,"column":23}},"11":{"start":{"line":84,"column":17},"end":{"line":84,"column":19}},"12":{"start":{"line":87,"column":52},"end":{"line":87,"column":67}},"13":{"start":{"line":88,"column":46},"end":{"line":88,"column":68}},"14":{"start":{"line":89,"column":52},"end":{"line":89,"column":67}},"15":{"start":{"line":90,"column":26},"end":{"line":90,"column":58}},"16":{"start":{"line":91,"column":34},"end":{"line":91,"column":60}},"17":{"start":{"line":92,"column":26},"end":{"line":92,"column":37}},"18":{"start":{"line":94,"column":22},"end":{"line":101,"column":4}},"19":{"start":{"line":103,"column":48},"end":{"line":110,"column":4}},"20":{"start":{"line":106,"column":6},"end":{"line":109,"column":8}},"21":{"start":{"line":107,"column":8},"end":{"line":107,"column":62}},"22":{"start":{"line":107,"column":19},"end":{"line":107,"column":62}},"23":{"start":{"line":108,"column":8},"end":{"line":108,"column":24}},"24":{"start":{"line":112,"column":18},"end":{"line":112,"column":37}},"25":{"start":{"line":113,"column":16},"end":{"line":113,"column":32}},"26":{"start":{"line":114,"column":21},"end":{"line":114,"column":37}},"27":{"start":{"line":116,"column":27},"end":{"line":116,"column":36}},"28":{"start":{"line":117,"column":25},"end":{"line":117,"column":32}},"29":{"start":{"line":118,"column":25},"end":{"line":118,"column":71}},"30":{"start":{"line":119,"column":27},"end":{"line":119,"column":82}},"31":{"start":{"line":121,"column":22},"end":{"line":127,"column":3}},"32":{"start":{"line":122,"column":4},"end":{"line":122,"column":32}},"33":{"start":{"line":123,"column":4},"end":{"line":123,"column":26}},"34":{"start":{"line":124,"column":4},"end":{"line":124,"column":32}},"35":{"start":{"line":125,"column":4},"end":{"line":125,"column":24}},"36":{"start":{"line":126,"column":4},"end":{"line":126,"column":15}},"37":{"start":{"line":129,"column":2},"end":{"line":317,"column":4}},"38":{"start":{"line":150,"column":14},"end":{"line":150,"column":43}},"39":{"start":{"line":151,"column":14},"end":{"line":151,"column":25}},"40":{"start":{"line":170,"column":29},"end":{"line":170,"column":48}},"41":{"start":{"line":176,"column":29},"end":{"line":176,"column":48}},"42":{"start":{"line":189,"column":10},"end":{"line":189,"column":34}},"43":{"start":{"line":190,"column":10},"end":{"line":190,"column":21}},"44":{"start":{"line":194,"column":10},"end":{"line":194,"column":31}},"45":{"start":{"line":195,"column":10},"end":{"line":195,"column":21}},"46":{"start":{"line":203,"column":52},"end":{"line":203,"column":61}},"47":{"start":{"line":210,"column":14},"end":{"line":210,"column":44}},"48":{"start":{"line":216,"column":14},"end":{"line":216,"column":97}},"49":{"start":{"line":231,"column":16},"end":{"line":235,"column":18}},"50":{"start":{"line":241,"column":16},"end":{"line":241,"column":61}},"51":{"start":{"line":256,"column":33},"end":{"line":256,"column":67}},"52":{"start":{"line":256,"column":48},"end":{"line":256,"column":66}},"53":{"start":{"line":267,"column":20},"end":{"line":275,"column":21}},"54":{"start":{"line":268,"column":22},"end":{"line":268,"column":32}},"55":{"start":{"line":269,"column":27},"end":{"line":275,"column":21}},"56":{"start":{"line":270,"column":22},"end":{"line":270,"column":32}},"57":{"start":{"line":271,"column":27},"end":{"line":275,"column":21}},"58":{"start":{"line":272,"column":22},"end":{"line":272,"column":45}},"59":{"start":{"line":274,"column":22},"end":{"line":274,"column":39}},"60":{"start":{"line":277,"column":20},"end":{"line":293,"column":22}},"61":{"start":{"line":281,"column":39},"end":{"line":281,"column":49}},"62":{"start":{"line":299,"column":33},"end":{"line":299,"column":76}},"63":{"start":{"line":299,"column":48},"end":{"line":299,"column":75}}},"fnMap":{"0":{"name":"ArtistRow","decl":{"start":{"line":30,"column":9},"end":{"line":30,"column":18}},"loc":{"start":{"line":30,"column":51},"end":{"line":68,"column":1}},"line":30},"1":{"name":"(anonymous_1)","decl":{"start":{"line":46,"column":41},"end":{"line":46,"column":42}},"loc":{"start":{"line":47,"column":12},"end":{"line":49,"column":19}},"line":47},"2":{"name":"buildParams","decl":{"start":{"line":71,"column":16},"end":{"line":71,"column":27}},"loc":{"start":{"line":71,"column":69},"end":{"line":82,"column":1}},"line":71},"3":{"name":"(anonymous_3)","decl":{"start":{"line":76,"column":20},"end":{"line":76,"column":21}},"loc":{"start":{"line":76,"column":27},"end":{"line":76,"column":52}},"line":76},"4":{"name":"DiscoveryPage","decl":{"start":{"line":86,"column":24},"end":{"line":86,"column":37}},"loc":{"start":{"line":86,"column":40},"end":{"line":318,"column":1}},"line":86},"5":{"name":"(anonymous_5)","decl":{"start":{"line":105,"column":13},"end":{"line":105,"column":14}},"loc":{"start":{"line":106,"column":6},"end":{"line":109,"column":8}},"line":106},"6":{"name":"(anonymous_6)","decl":{"start":{"line":106,"column":59},"end":{"line":106,"column":60}},"loc":{"start":{"line":106,"column":66},"end":{"line":109,"column":7}},"line":106},"7":{"name":"(anonymous_7)","decl":{"start":{"line":121,"column":22},"end":{"line":121,"column":23}},"loc":{"start":{"line":121,"column":28},"end":{"line":127,"column":3}},"line":121},"8":{"name":"(anonymous_8)","decl":{"start":{"line":149,"column":27},"end":{"line":149,"column":28}},"loc":{"start":{"line":149,"column":38},"end":{"line":152,"column":13}},"line":149},"9":{"name":"(anonymous_9)","decl":{"start":{"line":170,"column":23},"end":{"line":170,"column":24}},"loc":{"start":{"line":170,"column":29},"end":{"line":170,"column":48}},"line":170},"10":{"name":"(anonymous_10)","decl":{"start":{"line":176,"column":23},"end":{"line":176,"column":24}},"loc":{"start":{"line":176,"column":29},"end":{"line":176,"column":48}},"line":176},"11":{"name":"(anonymous_11)","decl":{"start":{"line":188,"column":35},"end":{"line":188,"column":36}},"loc":{"start":{"line":188,"column":42},"end":{"line":191,"column":9}},"line":188},"12":{"name":"(anonymous_12)","decl":{"start":{"line":193,"column":24},"end":{"line":193,"column":25}},"loc":{"start":{"line":193,"column":31},"end":{"line":196,"column":9}},"line":193},"13":{"name":"(anonymous_13)","decl":{"start":{"line":203,"column":46},"end":{"line":203,"column":47}},"loc":{"start":{"line":203,"column":52},"end":{"line":203,"column":61}},"line":203},"14":{"name":"(anonymous_14)","decl":{"start":{"line":209,"column":50},"end":{"line":209,"column":51}},"loc":{"start":{"line":210,"column":14},"end":{"line":210,"column":44}},"line":210},"15":{"name":"(anonymous_15)","decl":{"start":{"line":215,"column":50},"end":{"line":215,"column":51}},"loc":{"start":{"line":216,"column":14},"end":{"line":216,"column":97}},"line":216},"16":{"name":"(anonymous_16)","decl":{"start":{"line":230,"column":27},"end":{"line":230,"column":28}},"loc":{"start":{"line":231,"column":16},"end":{"line":235,"column":18}},"line":231},"17":{"name":"(anonymous_17)","decl":{"start":{"line":240,"column":27},"end":{"line":240,"column":28}},"loc":{"start":{"line":241,"column":16},"end":{"line":241,"column":61}},"line":241},"18":{"name":"(anonymous_18)","decl":{"start":{"line":256,"column":27},"end":{"line":256,"column":28}},"loc":{"start":{"line":256,"column":33},"end":{"line":256,"column":67}},"line":256},"19":{"name":"(anonymous_19)","decl":{"start":{"line":256,"column":41},"end":{"line":256,"column":42}},"loc":{"start":{"line":256,"column":48},"end":{"line":256,"column":66}},"line":256},"20":{"name":"(anonymous_20)","decl":{"start":{"line":265,"column":67},"end":{"line":265,"column":68}},"loc":{"start":{"line":265,"column":77},"end":{"line":294,"column":19}},"line":265},"21":{"name":"(anonymous_21)","decl":{"start":{"line":281,"column":33},"end":{"line":281,"column":34}},"loc":{"start":{"line":281,"column":39},"end":{"line":281,"column":49}},"line":281},"22":{"name":"(anonymous_22)","decl":{"start":{"line":299,"column":27},"end":{"line":299,"column":28}},"loc":{"start":{"line":299,"column":33},"end":{"line":299,"column":76}},"line":299},"23":{"name":"(anonymous_23)","decl":{"start":{"line":299,"column":41},"end":{"line":299,"column":42}},"loc":{"start":{"line":299,"column":48},"end":{"line":299,"column":75}},"line":299}},"branchMap":{"0":{"loc":{"start":{"line":37,"column":13},"end":{"line":37,"column":31}},"type":"binary-expr","locations":[{"start":{"line":37,"column":13},"end":{"line":37,"column":25}},{"start":{"line":37,"column":29},"end":{"line":37,"column":31}}],"line":37},"1":{"loc":{"start":{"line":74,"column":4},"end":{"line":74,"column":91}},"type":"if","locations":[{"start":{"line":74,"column":4},"end":{"line":74,"column":91}},{"start":{},"end":{}}],"line":74},"2":{"loc":{"start":{"line":74,"column":8},"end":{"line":74,"column":80}},"type":"binary-expr","locations":[{"start":{"line":74,"column":8},"end":{"line":74,"column":27}},{"start":{"line":74,"column":31},"end":{"line":74,"column":45}},{"start":{"line":74,"column":49},"end":{"line":74,"column":64}},{"start":{"line":74,"column":68},"end":{"line":74,"column":80}}],"line":74},"3":{"loc":{"start":{"line":75,"column":4},"end":{"line":79,"column":5}},"type":"if","locations":[{"start":{"line":75,"column":4},"end":{"line":79,"column":5}},{"start":{"line":77,"column":11},"end":{"line":79,"column":5}}],"line":75},"4":{"loc":{"start":{"line":95,"column":24},"end":{"line":95,"column":54}},"type":"binary-expr","locations":[{"start":{"line":95,"column":24},"end":{"line":95,"column":41}},{"start":{"line":95,"column":45},"end":{"line":95,"column":54}}],"line":95},"5":{"loc":{"start":{"line":96,"column":11},"end":{"line":96,"column":65}},"type":"cond-expr","locations":[{"start":{"line":96,"column":39},"end":{"line":96,"column":53}},{"start":{"line":96,"column":56},"end":{"line":96,"column":65}}],"line":96},"6":{"loc":{"start":{"line":97,"column":16},"end":{"line":97,"column":75}},"type":"cond-expr","locations":[{"start":{"line":97,"column":46},"end":{"line":97,"column":63}},{"start":{"line":97,"column":66},"end":{"line":97,"column":75}}],"line":97},"7":{"loc":{"start":{"line":107,"column":8},"end":{"line":107,"column":62}},"type":"if","locations":[{"start":{"line":107,"column":8},"end":{"line":107,"column":62}},{"start":{},"end":{}}],"line":107},"8":{"loc":{"start":{"line":112,"column":18},"end":{"line":112,"column":37}},"type":"binary-expr","locations":[{"start":{"line":112,"column":18},"end":{"line":112,"column":31}},{"start":{"line":112,"column":35},"end":{"line":112,"column":37}}],"line":112},"9":{"loc":{"start":{"line":113,"column":16},"end":{"line":113,"column":32}},"type":"binary-expr","locations":[{"start":{"line":113,"column":16},"end":{"line":113,"column":27}},{"start":{"line":113,"column":31},"end":{"line":113,"column":32}}],"line":113},"10":{"loc":{"start":{"line":114,"column":21},"end":{"line":114,"column":37}},"type":"binary-expr","locations":[{"start":{"line":114,"column":21},"end":{"line":114,"column":32}},{"start":{"line":114,"column":36},"end":{"line":114,"column":37}}],"line":114},"11":{"loc":{"start":{"line":118,"column":25},"end":{"line":118,"column":71}},"type":"binary-expr","locations":[{"start":{"line":118,"column":25},"end":{"line":118,"column":35}},{"start":{"line":118,"column":39},"end":{"line":118,"column":47}},{"start":{"line":118,"column":51},"end":{"line":118,"column":71}}],"line":118},"12":{"loc":{"start":{"line":119,"column":27},"end":{"line":119,"column":82}},"type":"binary-expr","locations":[{"start":{"line":119,"column":27},"end":{"line":119,"column":44}},{"start":{"line":119,"column":48},"end":{"line":119,"column":63}},{"start":{"line":119,"column":67},"end":{"line":119,"column":82}}],"line":119},"13":{"loc":{"start":{"line":138,"column":21},"end":{"line":138,"column":55}},"type":"cond-expr","locations":[{"start":{"line":138,"column":35},"end":{"line":138,"column":43}},{"start":{"line":138,"column":46},"end":{"line":138,"column":55}}],"line":138},"14":{"loc":{"start":{"line":171,"column":34},"end":{"line":171,"column":117}},"type":"cond-expr","locations":[{"start":{"line":171,"column":56},"end":{"line":171,"column":81}},{"start":{"line":171,"column":84},"end":{"line":171,"column":117}}],"line":171},"15":{"loc":{"start":{"line":177,"column":34},"end":{"line":177,"column":117}},"type":"cond-expr","locations":[{"start":{"line":177,"column":56},"end":{"line":177,"column":81}},{"start":{"line":177,"column":84},"end":{"line":177,"column":117}}],"line":177},"16":{"loc":{"start":{"line":203,"column":7},"end":{"line":203,"column":65}},"type":"binary-expr","locations":[{"start":{"line":203,"column":7},"end":{"line":203,"column":21}},{"start":{"line":203,"column":25},"end":{"line":203,"column":65}}],"line":203},"17":{"loc":{"start":{"line":206,"column":7},"end":{"line":220,"column":7}},"type":"binary-expr","locations":[{"start":{"line":206,"column":7},"end":{"line":206,"column":23}},{"start":{"line":207,"column":8},"end":{"line":219,"column":9}}],"line":206},"18":{"loc":{"start":{"line":207,"column":8},"end":{"line":219,"column":9}},"type":"cond-expr","locations":[{"start":{"line":208,"column":10},"end":{"line":212,"column":16}},{"start":{"line":214,"column":10},"end":{"line":218,"column":16}}],"line":207},"19":{"loc":{"start":{"line":223,"column":7},"end":{"line":223,"column":62}},"type":"binary-expr","locations":[{"start":{"line":223,"column":7},"end":{"line":223,"column":21}},{"start":{"line":223,"column":25},"end":{"line":223,"column":62}}],"line":223},"20":{"loc":{"start":{"line":226,"column":7},"end":{"line":314,"column":7}},"type":"binary-expr","locations":[{"start":{"line":226,"column":7},"end":{"line":226,"column":23}},{"start":{"line":227,"column":8},"end":{"line":313,"column":11}}],"line":226},"21":{"loc":{"start":{"line":228,"column":11},"end":{"line":244,"column":11}},"type":"cond-expr","locations":[{"start":{"line":229,"column":12},"end":{"line":237,"column":18}},{"start":{"line":239,"column":12},"end":{"line":243,"column":18}}],"line":228},"22":{"loc":{"start":{"line":247,"column":11},"end":{"line":312,"column":11}},"type":"binary-expr","locations":[{"start":{"line":247,"column":11},"end":{"line":247,"column":25}},{"start":{"line":248,"column":12},"end":{"line":311,"column":18}}],"line":247},"23":{"loc":{"start":{"line":267,"column":20},"end":{"line":275,"column":21}},"type":"if","locations":[{"start":{"line":267,"column":20},"end":{"line":275,"column":21}},{"start":{"line":269,"column":27},"end":{"line":275,"column":21}}],"line":267},"24":{"loc":{"start":{"line":269,"column":27},"end":{"line":275,"column":21}},"type":"if","locations":[{"start":{"line":269,"column":27},"end":{"line":275,"column":21}},{"start":{"line":271,"column":27},"end":{"line":275,"column":21}}],"line":269},"25":{"loc":{"start":{"line":271,"column":27},"end":{"line":275,"column":21}},"type":"if","locations":[{"start":{"line":271,"column":27},"end":{"line":275,"column":21}},{"start":{"line":273,"column":27},"end":{"line":275,"column":21}}],"line":271},"26":{"loc":{"start":{"line":280,"column":33},"end":{"line":280,"column":67}},"type":"cond-expr","locations":[{"start":{"line":280,"column":46},"end":{"line":280,"column":55}},{"start":{"line":280,"column":58},"end":{"line":280,"column":67}}],"line":280},"27":{"loc":{"start":{"line":283,"column":38},"end":{"line":283,"column":69}},"type":"cond-expr","locations":[{"start":{"line":283,"column":51},"end":{"line":283,"column":57}},{"start":{"line":283,"column":60},"end":{"line":283,"column":69}}],"line":283},"28":{"loc":{"start":{"line":285,"column":26},"end":{"line":287,"column":122}},"type":"cond-expr","locations":[{"start":{"line":286,"column":30},"end":{"line":286,"column":114}},{"start":{"line":287,"column":30},"end":{"line":287,"column":122}}],"line":285}},"s":{"0":0,"1":0,"2":149,"3":149,"4":858,"5":370,"6":488,"7":22,"8":26,"9":466,"10":149,"11":1,"12":140,"13":140,"14":140,"15":140,"16":140,"17":140,"18":140,"19":140,"20":83,"21":80,"22":3,"23":77,"24":140,"25":140,"26":140,"27":140,"28":140,"29":140,"30":140,"31":140,"32":2,"33":2,"34":2,"35":2,"36":2,"37":140,"38":5,"39":5,"40":0,"41":0,"42":8,"43":8,"44":7,"45":7,"46":1,"47":984,"48":0,"49":550,"50":0,"51":1,"52":1,"53":225,"54":185,"55":40,"56":20,"57":20,"58":5,"59":15,"60":225,"61":18,"62":2,"63":2},"f":{"0":0,"1":0,"2":149,"3":26,"4":140,"5":83,"6":80,"7":2,"8":5,"9":0,"10":0,"11":8,"12":7,"13":1,"14":984,"15":0,"16":550,"17":0,"18":1,"19":1,"20":225,"21":18,"22":2,"23":2},"b":{"0":[0,0],"1":[370,488],"2":[858,493,491,489],"3":[22,466],"4":[140,113],"5":[20,120],"6":[10,130],"7":[3,77],"8":[140,85],"9":[140,85],"10":[140,85],"11":[140,58,55],"12":[140,58,55],"13":[6,134],"14":[140,0],"15":[0,140],"16":[140,3],"17":[140,82],"18":[82,0],"19":[140,2],"20":[140,53],"21":[53,0],"22":[53,45],"23":[185,40],"24":[20,20],"25":[5,15],"26":[45,180],"27":[45,180],"28":[45,180]},"_coverageSchema":"1a1c01bbd47fc00a2c39e90264f33305004495a9","hash":"6ab26e55bdd5dad5d1da5d4f20bcae9d574482b2"}
}
