{"C:\\Users\\james\\VSCProjects\\Cresendo Part 2\\P6-Crescendo\\frontend\\src\\app\\pages\\ArtistPage.tsx": {"path":"C:\\Users\\james\\VSCProjects\\Cresendo Part 2\\P6-Crescendo\\frontend\\src\\app\\pages\\ArtistPage.tsx","statementMap":{"0":{"start":{"line":23,"column":15},"end":{"line":23,"column":57}},"1":{"start":{"line":24,"column":18},"end":{"line":24,"column":43}},"2":{"start":{"line":25,"column":2},"end":{"line":25,"column":37}},"3":{"start":{"line":25,"column":19},"end":{"line":25,"column":37}},"4":{"start":{"line":26,"column":2},"end":{"line":26,"column":45}},"5":{"start":{"line":26,"column":20},"end":{"line":26,"column":45}},"6":{"start":{"line":27,"column":16},"end":{"line":27,"column":40}},"7":{"start":{"line":28,"column":2},"end":{"line":28,"column":41}},"8":{"start":{"line":28,"column":18},"end":{"line":28,"column":41}},"9":{"start":{"line":29,"column":2},"end":{"line":29,"column":42}},"10":{"start":{"line":33,"column":19},"end":{"line":33,"column":28}},"11":{"start":{"line":34,"column":17},"end":{"line":34,"column":44}},"12":{"start":{"line":35,"column":38},"end":{"line":35,"column":53}},"13":{"start":{"line":36,"column":34},"end":{"line":36,"column":65}},"14":{"start":{"line":38,"column":57},"end":{"line":46,"column":4}},"15":{"start":{"line":41,"column":6},"end":{"line":44,"column":8}},"16":{"start":{"line":42,"column":8},"end":{"line":42,"column":48}},"17":{"start":{"line":42,"column":19},"end":{"line":42,"column":48}},"18":{"start":{"line":43,"column":8},"end":{"line":43,"column":24}},"19":{"start":{"line":48,"column":17},"end":{"line":48,"column":35}},"20":{"start":{"line":51,"column":4},"end":{"line":60,"column":6}},"21":{"start":{"line":54,"column":8},"end":{"line":57,"column":10}},"22":{"start":{"line":55,"column":10},"end":{"line":55,"column":68}},"23":{"start":{"line":55,"column":21},"end":{"line":55,"column":68}},"24":{"start":{"line":56,"column":10},"end":{"line":56,"column":26}},"25":{"start":{"line":62,"column":22},"end":{"line":62,"column":55}},"26":{"start":{"line":65,"column":4},"end":{"line":65,"column":20}},"27":{"start":{"line":65,"column":13},"end":{"line":65,"column":20}},"28":{"start":{"line":66,"column":4},"end":{"line":66,"column":24}},"29":{"start":{"line":67,"column":4},"end":{"line":84,"column":5}},"30":{"start":{"line":68,"column":18},"end":{"line":72,"column":8}},"31":{"start":{"line":73,"column":21},"end":{"line":73,"column":37}},"32":{"start":{"line":74,"column":6},"end":{"line":79,"column":7}},"33":{"start":{"line":75,"column":8},"end":{"line":75,"column":98}},"34":{"start":{"line":76,"column":8},"end":{"line":76,"column":53}},"35":{"start":{"line":76,"column":25},"end":{"line":76,"column":45}},"36":{"start":{"line":78,"column":8},"end":{"line":78,"column":70}},"37":{"start":{"line":81,"column":6},"end":{"line":81,"column":64}},"38":{"start":{"line":83,"column":6},"end":{"line":83,"column":27}},"39":{"start":{"line":87,"column":22},"end":{"line":87,"column":84}},"40":{"start":{"line":88,"column":23},"end":{"line":88,"column":99}},"41":{"start":{"line":89,"column":22},"end":{"line":89,"column":51}},"42":{"start":{"line":91,"column":2},"end":{"line":269,"column":4}},"43":{"start":{"line":128,"column":18},"end":{"line":133,"column":25}},"44":{"start":{"line":199,"column":18},"end":{"line":214,"column":25}},"45":{"start":{"line":233,"column":27},"end":{"line":233,"column":44}},"46":{"start":{"line":244,"column":27},"end":{"line":244,"column":49}},"47":{"start":{"line":255,"column":27},"end":{"line":255,"column":51}}},"fnMap":{"0":{"name":"formatTime","decl":{"start":{"line":22,"column":16},"end":{"line":22,"column":26}},"loc":{"start":{"line":22,"column":54},"end":{"line":30,"column":1}},"line":22},"1":{"name":"ArtistPage","decl":{"start":{"line":32,"column":24},"end":{"line":32,"column":34}},"loc":{"start":{"line":32,"column":37},"end":{"line":270,"column":1}},"line":32},"2":{"name":"(anonymous_2)","decl":{"start":{"line":40,"column":13},"end":{"line":40,"column":14}},"loc":{"start":{"line":41,"column":6},"end":{"line":44,"column":8}},"line":41},"3":{"name":"(anonymous_3)","decl":{"start":{"line":41,"column":50},"end":{"line":41,"column":51}},"loc":{"start":{"line":41,"column":57},"end":{"line":44,"column":7}},"line":41},"4":{"name":"(anonymous_4)","decl":{"start":{"line":53,"column":15},"end":{"line":53,"column":16}},"loc":{"start":{"line":54,"column":8},"end":{"line":57,"column":10}},"line":54},"5":{"name":"(anonymous_5)","decl":{"start":{"line":54,"column":64},"end":{"line":54,"column":65}},"loc":{"start":{"line":54,"column":71},"end":{"line":57,"column":9}},"line":54},"6":{"name":"handleTrigger","decl":{"start":{"line":64,"column":17},"end":{"line":64,"column":30}},"loc":{"start":{"line":64,"column":33},"end":{"line":85,"column":3}},"line":64},"7":{"name":"(anonymous_7)","decl":{"start":{"line":76,"column":19},"end":{"line":76,"column":20}},"loc":{"start":{"line":76,"column":25},"end":{"line":76,"column":45}},"line":76},"8":{"name":"(anonymous_8)","decl":{"start":{"line":127,"column":35},"end":{"line":127,"column":36}},"loc":{"start":{"line":128,"column":18},"end":{"line":133,"column":25}},"line":128},"9":{"name":"(anonymous_9)","decl":{"start":{"line":198,"column":33},"end":{"line":198,"column":34}},"loc":{"start":{"line":199,"column":18},"end":{"line":214,"column":25}},"line":199},"10":{"name":"(anonymous_10)","decl":{"start":{"line":233,"column":21},"end":{"line":233,"column":22}},"loc":{"start":{"line":233,"column":27},"end":{"line":233,"column":44}},"line":233},"11":{"name":"(anonymous_11)","decl":{"start":{"line":244,"column":21},"end":{"line":244,"column":22}},"loc":{"start":{"line":244,"column":27},"end":{"line":244,"column":49}},"line":244},"12":{"name":"(anonymous_12)","decl":{"start":{"line":255,"column":21},"end":{"line":255,"column":22}},"loc":{"start":{"line":255,"column":27},"end":{"line":255,"column":51}},"line":255}},"branchMap":{"0":{"loc":{"start":{"line":25,"column":2},"end":{"line":25,"column":37}},"type":"if","locations":[{"start":{"line":25,"column":2},"end":{"line":25,"column":37}},{"start":{},"end":{}}],"line":25},"1":{"loc":{"start":{"line":26,"column":2},"end":{"line":26,"column":45}},"type":"if","locations":[{"start":{"line":26,"column":2},"end":{"line":26,"column":45}},{"start":{},"end":{}}],"line":26},"2":{"loc":{"start":{"line":28,"column":2},"end":{"line":28,"column":41}},"type":"if","locations":[{"start":{"line":28,"column":2},"end":{"line":28,"column":41}},{"start":{},"end":{}}],"line":28},"3":{"loc":{"start":{"line":42,"column":8},"end":{"line":42,"column":48}},"type":"if","locations":[{"start":{"line":42,"column":8},"end":{"line":42,"column":48}},{"start":{},"end":{}}],"line":42},"4":{"loc":{"start":{"line":55,"column":10},"end":{"line":55,"column":68}},"type":"if","locations":[{"start":{"line":55,"column":10},"end":{"line":55,"column":68}},{"start":{},"end":{}}],"line":55},"5":{"loc":{"start":{"line":62,"column":22},"end":{"line":62,"column":55}},"type":"binary-expr","locations":[{"start":{"line":62,"column":22},"end":{"line":62,"column":49}},{"start":{"line":62,"column":53},"end":{"line":62,"column":55}}],"line":62},"6":{"loc":{"start":{"line":65,"column":4},"end":{"line":65,"column":20}},"type":"if","locations":[{"start":{"line":65,"column":4},"end":{"line":65,"column":20}},{"start":{},"end":{}}],"line":65},"7":{"loc":{"start":{"line":74,"column":6},"end":{"line":79,"column":7}},"type":"if","locations":[{"start":{"line":74,"column":6},"end":{"line":79,"column":7}},{"start":{"line":77,"column":13},"end":{"line":79,"column":7}}],"line":74},"8":{"loc":{"start":{"line":78,"column":20},"end":{"line":78,"column":68}},"type":"binary-expr","locations":[{"start":{"line":78,"column":20},"end":{"line":78,"column":32}},{"start":{"line":78,"column":36},"end":{"line":78,"column":68}}],"line":78},"9":{"loc":{"start":{"line":87,"column":22},"end":{"line":87,"column":84}},"type":"binary-expr","locations":[{"start":{"line":87,"column":22},"end":{"line":87,"column":44}},{"start":{"line":87,"column":49},"end":{"line":87,"column":66}},{"start":{"line":87,"column":70},"end":{"line":87,"column":83}}],"line":87},"10":{"loc":{"start":{"line":88,"column":23},"end":{"line":88,"column":99}},"type":"binary-expr","locations":[{"start":{"line":88,"column":23},"end":{"line":88,"column":47}},{"start":{"line":88,"column":52},"end":{"line":88,"column":69}},{"start":{"line":88,"column":73},"end":{"line":88,"column":87}},{"start":{"line":88,"column":91},"end":{"line":88,"column":98}}],"line":88},"11":{"loc":{"start":{"line":89,"column":22},"end":{"line":89,"column":51}},"type":"binary-expr","locations":[{"start":{"line":89,"column":22},"end":{"line":89,"column":34}},{"start":{"line":89,"column":38},"end":{"line":89,"column":51}}],"line":89},"12":{"loc":{"start":{"line":93,"column":7},"end":{"line":98,"column":7}},"type":"binary-expr","locations":[{"start":{"line":93,"column":7},"end":{"line":93,"column":18}},{"start":{"line":94,"column":8},"end":{"line":97,"column":14}}],"line":93},"13":{"loc":{"start":{"line":100,"column":7},"end":{"line":107,"column":7}},"type":"binary-expr","locations":[{"start":{"line":100,"column":7},"end":{"line":100,"column":19}},{"start":{"line":101,"column":8},"end":{"line":106,"column":14}}],"line":100},"14":{"loc":{"start":{"line":109,"column":7},"end":{"line":220,"column":7}},"type":"binary-expr","locations":[{"start":{"line":109,"column":7},"end":{"line":109,"column":18}},{"start":{"line":109,"column":22},"end":{"line":109,"column":28}},{"start":{"line":110,"column":8},"end":{"line":219,"column":11}}],"line":109},"15":{"loc":{"start":{"line":143,"column":22},"end":{"line":143,"column":83}},"type":"cond-expr","locations":[{"start":{"line":143,"column":52},"end":{"line":143,"column":68}},{"start":{"line":143,"column":71},"end":{"line":143,"column":83}}],"line":143},"16":{"loc":{"start":{"line":164,"column":15},"end":{"line":168,"column":15}},"type":"cond-expr","locations":[{"start":{"line":165,"column":16},"end":{"line":165,"column":60}},{"start":{"line":167,"column":16},"end":{"line":167,"column":43}}],"line":164},"17":{"loc":{"start":{"line":183,"column":13},"end":{"line":188,"column":13}},"type":"binary-expr","locations":[{"start":{"line":183,"column":13},"end":{"line":183,"column":24}},{"start":{"line":184,"column":14},"end":{"line":187,"column":20}}],"line":183},"18":{"loc":{"start":{"line":190,"column":13},"end":{"line":194,"column":13}},"type":"binary-expr","locations":[{"start":{"line":190,"column":13},"end":{"line":190,"column":25}},{"start":{"line":190,"column":29},"end":{"line":190,"column":53}},{"start":{"line":191,"column":14},"end":{"line":193,"column":18}}],"line":190},"19":{"loc":{"start":{"line":196,"column":13},"end":{"line":217,"column":13}},"type":"binary-expr","locations":[{"start":{"line":196,"column":13},"end":{"line":196,"column":25}},{"start":{"line":196,"column":29},"end":{"line":196,"column":51}},{"start":{"line":197,"column":14},"end":{"line":216,"column":20}}],"line":196},"20":{"loc":{"start":{"line":208,"column":44},"end":{"line":208,"column":83}},"type":"cond-expr","locations":[{"start":{"line":208,"column":67},"end":{"line":208,"column":73}},{"start":{"line":208,"column":76},"end":{"line":208,"column":83}}],"line":208},"21":{"loc":{"start":{"line":223,"column":7},"end":{"line":267,"column":7}},"type":"binary-expr","locations":[{"start":{"line":223,"column":8},"end":{"line":223,"column":25}},{"start":{"line":223,"column":30},"end":{"line":223,"column":60}},{"start":{"line":223,"column":64},"end":{"line":223,"column":95}},{"start":{"line":224,"column":8},"end":{"line":266,"column":14}}],"line":223},"22":{"loc":{"start":{"line":234,"column":21},"end":{"line":234,"column":62}},"type":"cond-expr","locations":[{"start":{"line":234,"column":41},"end":{"line":234,"column":50}},{"start":{"line":234,"column":53},"end":{"line":234,"column":62}}],"line":234},"23":{"loc":{"start":{"line":236,"column":14},"end":{"line":238,"column":110}},"type":"cond-expr","locations":[{"start":{"line":237,"column":18},"end":{"line":237,"column":85}},{"start":{"line":238,"column":18},"end":{"line":238,"column":110}}],"line":236},"24":{"loc":{"start":{"line":245,"column":21},"end":{"line":245,"column":67}},"type":"cond-expr","locations":[{"start":{"line":245,"column":46},"end":{"line":245,"column":55}},{"start":{"line":245,"column":58},"end":{"line":245,"column":67}}],"line":245},"25":{"loc":{"start":{"line":247,"column":14},"end":{"line":249,"column":110}},"type":"cond-expr","locations":[{"start":{"line":248,"column":18},"end":{"line":248,"column":85}},{"start":{"line":249,"column":18},"end":{"line":249,"column":110}}],"line":247},"26":{"loc":{"start":{"line":256,"column":21},"end":{"line":256,"column":69}},"type":"cond-expr","locations":[{"start":{"line":256,"column":48},"end":{"line":256,"column":57}},{"start":{"line":256,"column":60},"end":{"line":256,"column":69}}],"line":256},"27":{"loc":{"start":{"line":258,"column":14},"end":{"line":260,"column":110}},"type":"cond-expr","locations":[{"start":{"line":259,"column":18},"end":{"line":259,"column":85}},{"start":{"line":260,"column":18},"end":{"line":260,"column":110}}],"line":258}},"s":{"0":13,"1":13,"2":13,"3":1,"4":12,"5":7,"6":5,"7":5,"8":3,"9":2,"10":90,"11":90,"12":90,"13":90,"14":90,"15":33,"16":32,"17":2,"18":30,"19":90,"20":90,"21":35,"22":33,"23":3,"24":30,"25":90,"26":11,"27":0,"28":11,"29":11,"30":11,"31":7,"32":7,"33":4,"34":4,"35":1,"36":3,"37":3,"38":10,"39":90,"40":90,"41":90,"42":90,"43":100,"44":6,"45":1,"46":2,"47":1},"f":{"0":13,"1":90,"2":33,"3":32,"4":35,"5":33,"6":11,"7":1,"8":100,"9":6,"10":1,"11":2,"12":1},"b":{"0":[1,12],"1":[7,5],"2":[3,2],"3":[2,30],"4":[3,30],"5":[90,39],"6":[0,11],"7":[4,3],"8":[3,1],"9":[90,88,87],"10":[90,89,87,54],"11":[90,55],"12":[90,35],"13":[90,5],"14":[90,50,50],"15":[1,49],"16":[11,39],"17":[50,1],"18":[50,49,44],"19":[50,49,5],"20":[1,5],"21":[90,90,90,90],"22":[87,3],"23":[87,3],"24":[2,88],"25":[2,88],"26":[1,89],"27":[1,89]},"_coverageSchema":"1a1c01bbd47fc00a2c39e90264f33305004495a9","hash":"eb737a1107a7e559c884ab81bb7e90efe7cadc68"}
,"C:\\Users\\james\\VSCProjects\\Cresendo Part 2\\P6-Crescendo\\frontend\\src\\app\\pages\\DiscoveryPage.tsx": {"path":"C:\\Users\\james\\VSCProjects\\Cresendo Part 2\\P6-Crescendo\\frontend\\src\\app\\pages\\DiscoveryPage.tsx","statementMap":{"0":{"start":{"line":33,"column":13},"end":{"line":33,"column":34}},"1":{"start":{"line":34,"column":2},"end":{"line":41,"column":3}},"2":{"start":{"line":35,"column":4},"end":{"line":35,"column":91}},"3":{"start":{"line":35,"column":82},"end":{"line":35,"column":91}},"4":{"start":{"line":36,"column":4},"end":{"line":40,"column":5}},"5":{"start":{"line":37,"column":6},"end":{"line":37,"column":54}},"6":{"start":{"line":37,"column":27},"end":{"line":37,"column":52}},"7":{"start":{"line":39,"column":6},"end":{"line":39,"column":33}},"8":{"start":{"line":42,"column":2},"end":{"line":42,"column":23}},"9":{"start":{"line":45,"column":17},"end":{"line":45,"column":19}},"10":{"start":{"line":48,"column":19},"end":{"line":48,"column":32}},"11":{"start":{"line":49,"column":19},"end":{"line":49,"column":28}},"12":{"start":{"line":50,"column":52},"end":{"line":50,"column":67}},"13":{"start":{"line":51,"column":46},"end":{"line":51,"column":68}},"14":{"start":{"line":52,"column":52},"end":{"line":52,"column":67}},"15":{"start":{"line":53,"column":26},"end":{"line":53,"column":58}},"16":{"start":{"line":54,"column":26},"end":{"line":54,"column":37}},"17":{"start":{"line":55,"column":34},"end":{"line":55,"column":65}},"18":{"start":{"line":57,"column":22},"end":{"line":64,"column":4}},"19":{"start":{"line":66,"column":48},"end":{"line":73,"column":4}},"20":{"start":{"line":69,"column":6},"end":{"line":72,"column":8}},"21":{"start":{"line":70,"column":8},"end":{"line":70,"column":62}},"22":{"start":{"line":70,"column":19},"end":{"line":70,"column":62}},"23":{"start":{"line":71,"column":8},"end":{"line":71,"column":24}},"24":{"start":{"line":75,"column":18},"end":{"line":75,"column":37}},"25":{"start":{"line":76,"column":16},"end":{"line":76,"column":32}},"26":{"start":{"line":77,"column":21},"end":{"line":77,"column":37}},"27":{"start":{"line":78,"column":24},"end":{"line":78,"column":44}},"28":{"start":{"line":80,"column":27},"end":{"line":80,"column":85}},"29":{"start":{"line":81,"column":25},"end":{"line":81,"column":79}},"30":{"start":{"line":83,"column":4},"end":{"line":84,"column":73}},"31":{"start":{"line":85,"column":27},"end":{"line":85,"column":82}},"32":{"start":{"line":87,"column":22},"end":{"line":94,"column":3}},"33":{"start":{"line":88,"column":4},"end":{"line":88,"column":32}},"34":{"start":{"line":89,"column":4},"end":{"line":89,"column":26}},"35":{"start":{"line":90,"column":4},"end":{"line":90,"column":32}},"36":{"start":{"line":91,"column":4},"end":{"line":91,"column":24}},"37":{"start":{"line":92,"column":4},"end":{"line":92,"column":15}},"38":{"start":{"line":93,"column":4},"end":{"line":93,"column":22}},"39":{"start":{"line":96,"column":2},"end":{"line":324,"column":4}},"40":{"start":{"line":117,"column":14},"end":{"line":117,"column":43}},"41":{"start":{"line":118,"column":14},"end":{"line":118,"column":25}},"42":{"start":{"line":140,"column":10},"end":{"line":140,"column":34}},"43":{"start":{"line":141,"column":10},"end":{"line":141,"column":21}},"44":{"start":{"line":145,"column":10},"end":{"line":145,"column":31}},"45":{"start":{"line":146,"column":10},"end":{"line":146,"column":21}},"46":{"start":{"line":154,"column":52},"end":{"line":154,"column":61}},"47":{"start":{"line":161,"column":14},"end":{"line":161,"column":44}},"48":{"start":{"line":179,"column":14},"end":{"line":183,"column":16}},"49":{"start":{"line":197,"column":33},"end":{"line":197,"column":67}},"50":{"start":{"line":197,"column":48},"end":{"line":197,"column":66}},"51":{"start":{"line":208,"column":20},"end":{"line":216,"column":21}},"52":{"start":{"line":209,"column":22},"end":{"line":209,"column":32}},"53":{"start":{"line":210,"column":27},"end":{"line":216,"column":21}},"54":{"start":{"line":211,"column":22},"end":{"line":211,"column":32}},"55":{"start":{"line":212,"column":27},"end":{"line":216,"column":21}},"56":{"start":{"line":213,"column":22},"end":{"line":213,"column":45}},"57":{"start":{"line":215,"column":22},"end":{"line":215,"column":39}},"58":{"start":{"line":218,"column":20},"end":{"line":234,"column":22}},"59":{"start":{"line":222,"column":39},"end":{"line":222,"column":49}},"60":{"start":{"line":240,"column":33},"end":{"line":240,"column":76}},"61":{"start":{"line":240,"column":48},"end":{"line":240,"column":75}},"62":{"start":{"line":268,"column":27},"end":{"line":268,"column":49}},"63":{"start":{"line":279,"column":27},"end":{"line":279,"column":44}},"64":{"start":{"line":290,"column":27},"end":{"line":290,"column":47}},"65":{"start":{"line":301,"column":27},"end":{"line":301,"column":47}},"66":{"start":{"line":313,"column":29},"end":{"line":313,"column":66}}},"fnMap":{"0":{"name":"buildParams","decl":{"start":{"line":32,"column":16},"end":{"line":32,"column":27}},"loc":{"start":{"line":32,"column":69},"end":{"line":43,"column":1}},"line":32},"1":{"name":"(anonymous_1)","decl":{"start":{"line":37,"column":20},"end":{"line":37,"column":21}},"loc":{"start":{"line":37,"column":27},"end":{"line":37,"column":52}},"line":37},"2":{"name":"DiscoveryPage","decl":{"start":{"line":47,"column":24},"end":{"line":47,"column":37}},"loc":{"start":{"line":47,"column":40},"end":{"line":325,"column":1}},"line":47},"3":{"name":"(anonymous_3)","decl":{"start":{"line":68,"column":13},"end":{"line":68,"column":14}},"loc":{"start":{"line":69,"column":6},"end":{"line":72,"column":8}},"line":69},"4":{"name":"(anonymous_4)","decl":{"start":{"line":69,"column":59},"end":{"line":69,"column":60}},"loc":{"start":{"line":69,"column":66},"end":{"line":72,"column":7}},"line":69},"5":{"name":"(anonymous_5)","decl":{"start":{"line":87,"column":22},"end":{"line":87,"column":23}},"loc":{"start":{"line":87,"column":28},"end":{"line":94,"column":3}},"line":87},"6":{"name":"(anonymous_6)","decl":{"start":{"line":116,"column":27},"end":{"line":116,"column":28}},"loc":{"start":{"line":116,"column":38},"end":{"line":119,"column":13}},"line":116},"7":{"name":"(anonymous_7)","decl":{"start":{"line":139,"column":35},"end":{"line":139,"column":36}},"loc":{"start":{"line":139,"column":42},"end":{"line":142,"column":9}},"line":139},"8":{"name":"(anonymous_8)","decl":{"start":{"line":144,"column":24},"end":{"line":144,"column":25}},"loc":{"start":{"line":144,"column":31},"end":{"line":147,"column":9}},"line":144},"9":{"name":"(anonymous_9)","decl":{"start":{"line":154,"column":46},"end":{"line":154,"column":47}},"loc":{"start":{"line":154,"column":52},"end":{"line":154,"column":61}},"line":154},"10":{"name":"(anonymous_10)","decl":{"start":{"line":160,"column":50},"end":{"line":160,"column":51}},"loc":{"start":{"line":161,"column":14},"end":{"line":161,"column":44}},"line":161},"11":{"name":"(anonymous_11)","decl":{"start":{"line":178,"column":25},"end":{"line":178,"column":26}},"loc":{"start":{"line":179,"column":14},"end":{"line":183,"column":16}},"line":179},"12":{"name":"(anonymous_12)","decl":{"start":{"line":197,"column":27},"end":{"line":197,"column":28}},"loc":{"start":{"line":197,"column":33},"end":{"line":197,"column":67}},"line":197},"13":{"name":"(anonymous_13)","decl":{"start":{"line":197,"column":41},"end":{"line":197,"column":42}},"loc":{"start":{"line":197,"column":48},"end":{"line":197,"column":66}},"line":197},"14":{"name":"(anonymous_14)","decl":{"start":{"line":206,"column":67},"end":{"line":206,"column":68}},"loc":{"start":{"line":206,"column":77},"end":{"line":235,"column":19}},"line":206},"15":{"name":"(anonymous_15)","decl":{"start":{"line":222,"column":33},"end":{"line":222,"column":34}},"loc":{"start":{"line":222,"column":39},"end":{"line":222,"column":49}},"line":222},"16":{"name":"(anonymous_16)","decl":{"start":{"line":240,"column":27},"end":{"line":240,"column":28}},"loc":{"start":{"line":240,"column":33},"end":{"line":240,"column":76}},"line":240},"17":{"name":"(anonymous_17)","decl":{"start":{"line":240,"column":41},"end":{"line":240,"column":42}},"loc":{"start":{"line":240,"column":48},"end":{"line":240,"column":75}},"line":240},"18":{"name":"(anonymous_18)","decl":{"start":{"line":268,"column":21},"end":{"line":268,"column":22}},"loc":{"start":{"line":268,"column":27},"end":{"line":268,"column":49}},"line":268},"19":{"name":"(anonymous_19)","decl":{"start":{"line":279,"column":21},"end":{"line":279,"column":22}},"loc":{"start":{"line":279,"column":27},"end":{"line":279,"column":44}},"line":279},"20":{"name":"(anonymous_20)","decl":{"start":{"line":290,"column":21},"end":{"line":290,"column":22}},"loc":{"start":{"line":290,"column":27},"end":{"line":290,"column":47}},"line":290},"21":{"name":"(anonymous_21)","decl":{"start":{"line":301,"column":21},"end":{"line":301,"column":22}},"loc":{"start":{"line":301,"column":27},"end":{"line":301,"column":47}},"line":301},"22":{"name":"(anonymous_22)","decl":{"start":{"line":313,"column":23},"end":{"line":313,"column":24}},"loc":{"start":{"line":313,"column":29},"end":{"line":313,"column":66}},"line":313}},"branchMap":{"0":{"loc":{"start":{"line":35,"column":4},"end":{"line":35,"column":91}},"type":"if","locations":[{"start":{"line":35,"column":4},"end":{"line":35,"column":91}},{"start":{},"end":{}}],"line":35},"1":{"loc":{"start":{"line":35,"column":8},"end":{"line":35,"column":80}},"type":"binary-expr","locations":[{"start":{"line":35,"column":8},"end":{"line":35,"column":27}},{"start":{"line":35,"column":31},"end":{"line":35,"column":45}},{"start":{"line":35,"column":49},"end":{"line":35,"column":64}},{"start":{"line":35,"column":68},"end":{"line":35,"column":80}}],"line":35},"2":{"loc":{"start":{"line":36,"column":4},"end":{"line":40,"column":5}},"type":"if","locations":[{"start":{"line":36,"column":4},"end":{"line":40,"column":5}},{"start":{"line":38,"column":11},"end":{"line":40,"column":5}}],"line":36},"3":{"loc":{"start":{"line":58,"column":24},"end":{"line":58,"column":54}},"type":"binary-expr","locations":[{"start":{"line":58,"column":24},"end":{"line":58,"column":41}},{"start":{"line":58,"column":45},"end":{"line":58,"column":54}}],"line":58},"4":{"loc":{"start":{"line":59,"column":11},"end":{"line":59,"column":65}},"type":"cond-expr","locations":[{"start":{"line":59,"column":39},"end":{"line":59,"column":53}},{"start":{"line":59,"column":56},"end":{"line":59,"column":65}}],"line":59},"5":{"loc":{"start":{"line":60,"column":16},"end":{"line":60,"column":75}},"type":"cond-expr","locations":[{"start":{"line":60,"column":46},"end":{"line":60,"column":63}},{"start":{"line":60,"column":66},"end":{"line":60,"column":75}}],"line":60},"6":{"loc":{"start":{"line":70,"column":8},"end":{"line":70,"column":62}},"type":"if","locations":[{"start":{"line":70,"column":8},"end":{"line":70,"column":62}},{"start":{},"end":{}}],"line":70},"7":{"loc":{"start":{"line":75,"column":18},"end":{"line":75,"column":37}},"type":"binary-expr","locations":[{"start":{"line":75,"column":18},"end":{"line":75,"column":31}},{"start":{"line":75,"column":35},"end":{"line":75,"column":37}}],"line":75},"8":{"loc":{"start":{"line":76,"column":16},"end":{"line":76,"column":32}},"type":"binary-expr","locations":[{"start":{"line":76,"column":16},"end":{"line":76,"column":27}},{"start":{"line":76,"column":31},"end":{"line":76,"column":32}}],"line":76},"9":{"loc":{"start":{"line":77,"column":21},"end":{"line":77,"column":37}},"type":"binary-expr","locations":[{"start":{"line":77,"column":21},"end":{"line":77,"column":32}},{"start":{"line":77,"column":36},"end":{"line":77,"column":37}}],"line":77},"10":{"loc":{"start":{"line":80,"column":27},"end":{"line":80,"column":85}},"type":"binary-expr","locations":[{"start":{"line":80,"column":27},"end":{"line":80,"column":49}},{"start":{"line":80,"column":54},"end":{"line":80,"column":71}},{"start":{"line":80,"column":75},"end":{"line":80,"column":84}}],"line":80},"11":{"loc":{"start":{"line":81,"column":25},"end":{"line":81,"column":79}},"type":"binary-expr","locations":[{"start":{"line":81,"column":25},"end":{"line":81,"column":45}},{"start":{"line":81,"column":50},"end":{"line":81,"column":67}},{"start":{"line":81,"column":71},"end":{"line":81,"column":78}}],"line":81},"12":{"loc":{"start":{"line":83,"column":4},"end":{"line":84,"column":73}},"type":"binary-expr","locations":[{"start":{"line":83,"column":4},"end":{"line":83,"column":24}},{"start":{"line":84,"column":5},"end":{"line":84,"column":22}},{"start":{"line":84,"column":26},"end":{"line":84,"column":36}},{"start":{"line":84,"column":40},"end":{"line":84,"column":48}},{"start":{"line":84,"column":52},"end":{"line":84,"column":72}}],"line":83},"13":{"loc":{"start":{"line":85,"column":27},"end":{"line":85,"column":82}},"type":"binary-expr","locations":[{"start":{"line":85,"column":27},"end":{"line":85,"column":44}},{"start":{"line":85,"column":48},"end":{"line":85,"column":63}},{"start":{"line":85,"column":67},"end":{"line":85,"column":82}}],"line":85},"14":{"loc":{"start":{"line":105,"column":21},"end":{"line":105,"column":55}},"type":"cond-expr","locations":[{"start":{"line":105,"column":35},"end":{"line":105,"column":43}},{"start":{"line":105,"column":46},"end":{"line":105,"column":55}}],"line":105},"15":{"loc":{"start":{"line":154,"column":7},"end":{"line":154,"column":65}},"type":"binary-expr","locations":[{"start":{"line":154,"column":7},"end":{"line":154,"column":21}},{"start":{"line":154,"column":25},"end":{"line":154,"column":65}}],"line":154},"16":{"loc":{"start":{"line":157,"column":7},"end":{"line":169,"column":7}},"type":"binary-expr","locations":[{"start":{"line":157,"column":7},"end":{"line":157,"column":23}},{"start":{"line":158,"column":8},"end":{"line":168,"column":14}}],"line":157},"17":{"loc":{"start":{"line":172,"column":7},"end":{"line":172,"column":62}},"type":"binary-expr","locations":[{"start":{"line":172,"column":7},"end":{"line":172,"column":21}},{"start":{"line":172,"column":25},"end":{"line":172,"column":62}}],"line":172},"18":{"loc":{"start":{"line":175,"column":7},"end":{"line":255,"column":7}},"type":"binary-expr","locations":[{"start":{"line":175,"column":7},"end":{"line":175,"column":23}},{"start":{"line":176,"column":8},"end":{"line":254,"column":11}}],"line":175},"19":{"loc":{"start":{"line":188,"column":11},"end":{"line":253,"column":11}},"type":"binary-expr","locations":[{"start":{"line":188,"column":11},"end":{"line":188,"column":25}},{"start":{"line":189,"column":12},"end":{"line":252,"column":18}}],"line":188},"20":{"loc":{"start":{"line":208,"column":20},"end":{"line":216,"column":21}},"type":"if","locations":[{"start":{"line":208,"column":20},"end":{"line":216,"column":21}},{"start":{"line":210,"column":27},"end":{"line":216,"column":21}}],"line":208},"21":{"loc":{"start":{"line":210,"column":27},"end":{"line":216,"column":21}},"type":"if","locations":[{"start":{"line":210,"column":27},"end":{"line":216,"column":21}},{"start":{"line":212,"column":27},"end":{"line":216,"column":21}}],"line":210},"22":{"loc":{"start":{"line":212,"column":27},"end":{"line":216,"column":21}},"type":"if","locations":[{"start":{"line":212,"column":27},"end":{"line":216,"column":21}},{"start":{"line":214,"column":27},"end":{"line":216,"column":21}}],"line":212},"23":{"loc":{"start":{"line":221,"column":33},"end":{"line":221,"column":67}},"type":"cond-expr","locations":[{"start":{"line":221,"column":46},"end":{"line":221,"column":55}},{"start":{"line":221,"column":58},"end":{"line":221,"column":67}}],"line":221},"24":{"loc":{"start":{"line":224,"column":38},"end":{"line":224,"column":69}},"type":"cond-expr","locations":[{"start":{"line":224,"column":51},"end":{"line":224,"column":57}},{"start":{"line":224,"column":60},"end":{"line":224,"column":69}}],"line":224},"25":{"loc":{"start":{"line":226,"column":26},"end":{"line":228,"column":122}},"type":"cond-expr","locations":[{"start":{"line":227,"column":30},"end":{"line":227,"column":114}},{"start":{"line":228,"column":30},"end":{"line":228,"column":122}}],"line":226},"26":{"loc":{"start":{"line":258,"column":7},"end":{"line":322,"column":7}},"type":"binary-expr","locations":[{"start":{"line":258,"column":8},"end":{"line":258,"column":25}},{"start":{"line":258,"column":30},"end":{"line":258,"column":60}},{"start":{"line":258,"column":64},"end":{"line":258,"column":95}},{"start":{"line":259,"column":8},"end":{"line":321,"column":14}}],"line":258},"27":{"loc":{"start":{"line":269,"column":21},"end":{"line":269,"column":67}},"type":"cond-expr","locations":[{"start":{"line":269,"column":46},"end":{"line":269,"column":55}},{"start":{"line":269,"column":58},"end":{"line":269,"column":67}}],"line":269},"28":{"loc":{"start":{"line":271,"column":14},"end":{"line":273,"column":110}},"type":"cond-expr","locations":[{"start":{"line":272,"column":18},"end":{"line":272,"column":85}},{"start":{"line":273,"column":18},"end":{"line":273,"column":110}}],"line":271},"29":{"loc":{"start":{"line":280,"column":21},"end":{"line":280,"column":62}},"type":"cond-expr","locations":[{"start":{"line":280,"column":41},"end":{"line":280,"column":50}},{"start":{"line":280,"column":53},"end":{"line":280,"column":62}}],"line":280},"30":{"loc":{"start":{"line":282,"column":14},"end":{"line":284,"column":110}},"type":"cond-expr","locations":[{"start":{"line":283,"column":18},"end":{"line":283,"column":85}},{"start":{"line":284,"column":18},"end":{"line":284,"column":110}}],"line":282},"31":{"loc":{"start":{"line":291,"column":21},"end":{"line":291,"column":65}},"type":"cond-expr","locations":[{"start":{"line":291,"column":44},"end":{"line":291,"column":53}},{"start":{"line":291,"column":56},"end":{"line":291,"column":65}}],"line":291},"32":{"loc":{"start":{"line":293,"column":14},"end":{"line":295,"column":110}},"type":"cond-expr","locations":[{"start":{"line":294,"column":18},"end":{"line":294,"column":85}},{"start":{"line":295,"column":18},"end":{"line":295,"column":110}}],"line":293},"33":{"loc":{"start":{"line":302,"column":21},"end":{"line":302,"column":65}},"type":"cond-expr","locations":[{"start":{"line":302,"column":44},"end":{"line":302,"column":53}},{"start":{"line":302,"column":56},"end":{"line":302,"column":65}}],"line":302},"34":{"loc":{"start":{"line":304,"column":14},"end":{"line":306,"column":110}},"type":"cond-expr","locations":[{"start":{"line":305,"column":18},"end":{"line":305,"column":85}},{"start":{"line":306,"column":18},"end":{"line":306,"column":110}}],"line":304},"35":{"loc":{"start":{"line":311,"column":11},"end":{"line":319,"column":11}},"type":"binary-expr","locations":[{"start":{"line":311,"column":11},"end":{"line":311,"column":24}},{"start":{"line":312,"column":12},"end":{"line":318,"column":21}}],"line":311}},"s":{"0":169,"1":169,"2":978,"3":431,"4":547,"5":22,"6":26,"7":525,"8":169,"9":1,"10":160,"11":160,"12":160,"13":160,"14":160,"15":160,"16":160,"17":160,"18":160,"19":160,"20":90,"21":87,"22":3,"23":84,"24":160,"25":160,"26":160,"27":160,"28":160,"29":160,"30":160,"31":160,"32":160,"33":3,"34":3,"35":3,"36":3,"37":3,"38":3,"39":160,"40":5,"41":5,"42":8,"43":8,"44":7,"45":7,"46":1,"47":1056,"48":558,"49":1,"50":1,"51":225,"52":185,"53":40,"54":20,"55":20,"56":5,"57":15,"58":225,"59":18,"60":2,"61":2,"62":1,"63":1,"64":3,"65":2,"66":1},"f":{"0":169,"1":26,"2":160,"3":90,"4":87,"5":3,"6":5,"7":8,"8":7,"9":1,"10":1056,"11":558,"12":1,"13":1,"14":225,"15":18,"16":2,"17":2,"18":1,"19":1,"20":3,"21":2,"22":1},"b":{"0":[431,547],"1":[978,552,550,548],"2":[22,525],"3":[160,134],"4":[20,140],"5":[10,150],"6":[3,84],"7":[160,91],"8":[160,91],"9":[160,91],"10":[160,159,153],"11":[160,156,153],"12":[160,158,153,66,63],"13":[160,72,65],"14":[20,140],"15":[160,7],"16":[160,88],"17":[160,4],"18":[160,61],"19":[61,45],"20":[185,40],"21":[20,20],"22":[5,15],"23":[45,180],"24":[45,180],"25":[45,180],"26":[160,160,160,160],"27":[1,159],"28":[1,159],"29":[153,7],"30":[153,7],"31":[4,156],"32":[4,156],"33":[2,158],"34":[2,158],"35":[160,67]},"_coverageSchema":"1a1c01bbd47fc00a2c39e90264f33305004495a9","hash":"a6316ae54fbe3fe3e296200cf99268ff0bf55b93"}
}
