TN:
SF:src\app\pages\ArtistPage.tsx
FN:22,formatTime
FN:32,ArtistPage
FN:40,(anonymous_2)
FN:41,(anonymous_3)
FN:53,(anonymous_4)
FN:54,(anonymous_5)
FN:64,handleTrigger
FN:76,(anonymous_7)
FN:127,(anonymous_8)
FN:198,(anonymous_9)
FN:233,(anonymous_10)
FN:244,(anonymous_11)
FN:255,(anonymous_12)
FNF:13
FNH:13
FNDA:13,formatTime
FNDA:90,ArtistPage
FNDA:33,(anonymous_2)
FNDA:32,(anonymous_3)
FNDA:35,(anonymous_4)
FNDA:33,(anonymous_5)
FNDA:11,handleTrigger
FNDA:1,(anonymous_7)
FNDA:100,(anonymous_8)
FNDA:6,(anonymous_9)
FNDA:1,(anonymous_10)
FNDA:2,(anonymous_11)
FNDA:1,(anonymous_12)
DA:23,13
DA:24,13
DA:25,13
DA:26,12
DA:27,5
DA:28,5
DA:29,2
DA:33,90
DA:34,90
DA:35,90
DA:36,90
DA:38,90
DA:41,33
DA:42,32
DA:43,30
DA:48,90
DA:51,90
DA:54,35
DA:55,33
DA:56,30
DA:62,90
DA:65,11
DA:66,11
DA:67,11
DA:68,11
DA:73,7
DA:74,7
DA:75,4
DA:76,4
DA:78,3
DA:81,3
DA:83,10
DA:87,90
DA:88,90
DA:89,90
DA:91,90
DA:128,100
DA:199,6
DA:233,1
DA:244,2
DA:255,1
LF:41
LH:41
BRDA:25,0,0,1
BRDA:25,0,1,12
BRDA:26,1,0,7
BRDA:26,1,1,5
BRDA:28,2,0,3
BRDA:28,2,1,2
BRDA:42,3,0,2
BRDA:42,3,1,30
BRDA:55,4,0,3
BRDA:55,4,1,30
BRDA:62,5,0,90
BRDA:62,5,1,39
BRDA:65,6,0,0
BRDA:65,6,1,11
BRDA:74,7,0,4
BRDA:74,7,1,3
BRDA:78,8,0,3
BRDA:78,8,1,1
BRDA:87,9,0,90
BRDA:87,9,1,88
BRDA:87,9,2,87
BRDA:88,10,0,90
BRDA:88,10,1,89
BRDA:88,10,2,87
BRDA:88,10,3,54
BRDA:89,11,0,90
BRDA:89,11,1,55
BRDA:93,12,0,90
BRDA:93,12,1,35
BRDA:100,13,0,90
BRDA:100,13,1,5
BRDA:109,14,0,90
BRDA:109,14,1,50
BRDA:109,14,2,50
BRDA:143,15,0,1
BRDA:143,15,1,49
BRDA:164,16,0,11
BRDA:164,16,1,39
BRDA:183,17,0,50
BRDA:183,17,1,1
BRDA:190,18,0,50
BRDA:190,18,1,49
BRDA:190,18,2,44
BRDA:196,19,0,50
BRDA:196,19,1,49
BRDA:196,19,2,5
BRDA:208,20,0,1
BRDA:208,20,1,5
BRDA:223,21,0,90
BRDA:223,21,1,90
BRDA:223,21,2,90
BRDA:223,21,3,90
BRDA:234,22,0,87
BRDA:234,22,1,3
BRDA:236,23,0,87
BRDA:236,23,1,3
BRDA:245,24,0,2
BRDA:245,24,1,88
BRDA:247,25,0,2
BRDA:247,25,1,88
BRDA:256,26,0,1
BRDA:256,26,1,89
BRDA:258,27,0,1
BRDA:258,27,1,89
BRF:64
BRH:63
end_of_record
TN:
SF:src\app\pages\DiscoveryPage.tsx
FN:32,buildParams
FN:37,(anonymous_1)
FN:47,DiscoveryPage
FN:68,(anonymous_3)
FN:69,(anonymous_4)
FN:87,(anonymous_5)
FN:116,(anonymous_6)
FN:139,(anonymous_7)
FN:144,(anonymous_8)
FN:154,(anonymous_9)
FN:160,(anonymous_10)
FN:178,(anonymous_11)
FN:197,(anonymous_12)
FN:197,(anonymous_13)
FN:206,(anonymous_14)
FN:222,(anonymous_15)
FN:240,(anonymous_16)
FN:240,(anonymous_17)
FN:268,(anonymous_18)
FN:279,(anonymous_19)
FN:290,(anonymous_20)
FN:301,(anonymous_21)
FN:313,(anonymous_22)
FNF:23
FNH:23
FNDA:169,buildParams
FNDA:26,(anonymous_1)
FNDA:160,DiscoveryPage
FNDA:90,(anonymous_3)
FNDA:87,(anonymous_4)
FNDA:3,(anonymous_5)
FNDA:5,(anonymous_6)
FNDA:8,(anonymous_7)
FNDA:7,(anonymous_8)
FNDA:1,(anonymous_9)
FNDA:1056,(anonymous_10)
FNDA:558,(anonymous_11)
FNDA:1,(anonymous_12)
FNDA:1,(anonymous_13)
FNDA:225,(anonymous_14)
FNDA:18,(anonymous_15)
FNDA:2,(anonymous_16)
FNDA:2,(anonymous_17)
FNDA:1,(anonymous_18)
FNDA:1,(anonymous_19)
FNDA:3,(anonymous_20)
FNDA:2,(anonymous_21)
FNDA:1,(anonymous_22)
DA:33,169
DA:34,169
DA:35,978
DA:36,547
DA:37,26
DA:39,525
DA:42,169
DA:45,1
DA:48,160
DA:49,160
DA:50,160
DA:51,160
DA:52,160
DA:53,160
DA:54,160
DA:55,160
DA:57,160
DA:66,160
DA:69,90
DA:70,87
DA:71,84
DA:75,160
DA:76,160
DA:77,160
DA:78,160
DA:80,160
DA:81,160
DA:83,160
DA:85,160
DA:87,160
DA:88,3
DA:89,3
DA:90,3
DA:91,3
DA:92,3
DA:93,3
DA:96,160
DA:117,5
DA:118,5
DA:140,8
DA:141,8
DA:145,7
DA:146,7
DA:154,1
DA:161,1056
DA:179,558
DA:197,1
DA:208,225
DA:209,185
DA:210,40
DA:211,20
DA:212,20
DA:213,5
DA:215,15
DA:218,225
DA:222,18
DA:240,2
DA:268,1
DA:279,1
DA:290,3
DA:301,2
DA:313,1
LF:62
LH:62
BRDA:35,0,0,431
BRDA:35,0,1,547
BRDA:35,1,0,978
BRDA:35,1,1,552
BRDA:35,1,2,550
BRDA:35,1,3,548
BRDA:36,2,0,22
BRDA:36,2,1,525
BRDA:58,3,0,160
BRDA:58,3,1,134
BRDA:59,4,0,20
BRDA:59,4,1,140
BRDA:60,5,0,10
BRDA:60,5,1,150
BRDA:70,6,0,3
BRDA:70,6,1,84
BRDA:75,7,0,160
BRDA:75,7,1,91
BRDA:76,8,0,160
BRDA:76,8,1,91
BRDA:77,9,0,160
BRDA:77,9,1,91
BRDA:80,10,0,160
BRDA:80,10,1,159
BRDA:80,10,2,153
BRDA:81,11,0,160
BRDA:81,11,1,156
BRDA:81,11,2,153
BRDA:83,12,0,160
BRDA:83,12,1,158
BRDA:83,12,2,153
BRDA:83,12,3,66
BRDA:83,12,4,63
BRDA:85,13,0,160
BRDA:85,13,1,72
BRDA:85,13,2,65
BRDA:105,14,0,20
BRDA:105,14,1,140
BRDA:154,15,0,160
BRDA:154,15,1,7
BRDA:157,16,0,160
BRDA:157,16,1,88
BRDA:172,17,0,160
BRDA:172,17,1,4
BRDA:175,18,0,160
BRDA:175,18,1,61
BRDA:188,19,0,61
BRDA:188,19,1,45
BRDA:208,20,0,185
BRDA:208,20,1,40
BRDA:210,21,0,20
BRDA:210,21,1,20
BRDA:212,22,0,5
BRDA:212,22,1,15
BRDA:221,23,0,45
BRDA:221,23,1,180
BRDA:224,24,0,45
BRDA:224,24,1,180
BRDA:226,25,0,45
BRDA:226,25,1,180
BRDA:258,26,0,160
BRDA:258,26,1,160
BRDA:258,26,2,160
BRDA:258,26,3,160
BRDA:269,27,0,1
BRDA:269,27,1,159
BRDA:271,28,0,1
BRDA:271,28,1,159
BRDA:280,29,0,153
BRDA:280,29,1,7
BRDA:282,30,0,153
BRDA:282,30,1,7
BRDA:291,31,0,4
BRDA:291,31,1,156
BRDA:293,32,0,4
BRDA:293,32,1,156
BRDA:302,33,0,2
BRDA:302,33,1,158
BRDA:304,34,0,2
BRDA:304,34,1,158
BRDA:311,35,0,160
BRDA:311,35,1,67
BRF:82
BRH:82
end_of_record
