TN:
SF:src/app/pages/ArtistPage.tsx
FN:20,formatTime
FN:30,ArtistPage
FN:37,(anonymous_2)
FN:38,(anonymous_3)
FN:50,(anonymous_4)
FN:51,(anonymous_5)
FN:61,handleTrigger
FN:73,(anonymous_7)
FN:124,(anonymous_8)
FN:195,(anonymous_9)
FN:229,(anonymous_10)
FN:240,(anonymous_11)
FN:251,(anonymous_12)
FNF:13
FNH:13
FNDA:13,formatTime
FNDA:90,ArtistPage
FNDA:33,(anonymous_2)
FNDA:32,(anonymous_3)
FNDA:35,(anonymous_4)
FNDA:33,(anonymous_5)
FNDA:11,handleTrigger
FNDA:1,(anonymous_7)
FNDA:100,(anonymous_8)
FNDA:6,(anonymous_9)
FNDA:1,(anonymous_10)
FNDA:2,(anonymous_11)
FNDA:1,(anonymous_12)
DA:21,13
DA:22,13
DA:23,13
DA:24,12
DA:25,5
DA:26,5
DA:27,2
DA:31,90
DA:32,90
DA:33,90
DA:35,90
DA:38,33
DA:39,32
DA:40,30
DA:45,90
DA:48,90
DA:51,35
DA:52,33
DA:53,30
DA:59,90
DA:62,11
DA:63,11
DA:64,11
DA:65,11
DA:70,7
DA:71,7
DA:72,4
DA:73,4
DA:75,3
DA:78,3
DA:80,10
DA:84,90
DA:85,90
DA:86,90
DA:88,90
DA:125,100
DA:196,6
DA:229,1
DA:240,2
DA:251,1
LF:40
LH:40
BRDA:23,0,0,1
BRDA:23,0,1,12
BRDA:24,1,0,7
BRDA:24,1,1,5
BRDA:26,2,0,3
BRDA:26,2,1,2
BRDA:39,3,0,2
BRDA:39,3,1,30
BRDA:52,4,0,3
BRDA:52,4,1,30
BRDA:59,5,0,90
BRDA:59,5,1,39
BRDA:62,6,0,0
BRDA:62,6,1,11
BRDA:71,7,0,4
BRDA:71,7,1,3
BRDA:75,8,0,3
BRDA:75,8,1,1
BRDA:84,9,0,90
BRDA:84,9,1,88
BRDA:84,9,2,87
BRDA:85,10,0,90
BRDA:85,10,1,89
BRDA:85,10,2,87
BRDA:85,10,3,54
BRDA:86,11,0,90
BRDA:86,11,1,55
BRDA:90,12,0,90
BRDA:90,12,1,35
BRDA:97,13,0,90
BRDA:97,13,1,5
BRDA:106,14,0,90
BRDA:106,14,1,50
BRDA:106,14,2,50
BRDA:140,15,0,1
BRDA:140,15,1,49
BRDA:161,16,0,11
BRDA:161,16,1,39
BRDA:180,17,0,50
BRDA:180,17,1,1
BRDA:187,18,0,50
BRDA:187,18,1,49
BRDA:187,18,2,44
BRDA:193,19,0,50
BRDA:193,19,1,49
BRDA:193,19,2,5
BRDA:205,20,0,1
BRDA:205,20,1,5
BRDA:230,21,0,87
BRDA:230,21,1,3
BRDA:232,22,0,87
BRDA:232,22,1,3
BRDA:241,23,0,2
BRDA:241,23,1,88
BRDA:243,24,0,2
BRDA:243,24,1,88
BRDA:252,25,0,1
BRDA:252,25,1,89
BRDA:254,26,0,1
BRDA:254,26,1,89
BRF:60
BRH:59
end_of_record
TN:
SF:src/app/pages/DiscoveryPage.tsx
FN:29,buildParams
FN:34,(anonymous_1)
FN:44,DiscoveryPage
FN:64,(anonymous_3)
FN:65,(anonymous_4)
FN:83,(anonymous_5)
FN:112,(anonymous_6)
FN:135,(anonymous_7)
FN:140,(anonymous_8)
FN:150,(anonymous_9)
FN:156,(anonymous_10)
FN:174,(anonymous_11)
FN:193,(anonymous_12)
FN:193,(anonymous_13)
FN:202,(anonymous_14)
FN:218,(anonymous_15)
FN:236,(anonymous_16)
FN:236,(anonymous_17)
FN:263,(anonymous_18)
FN:274,(anonymous_19)
FN:285,(anonymous_20)
FN:296,(anonymous_21)
FN:308,(anonymous_22)
FNF:23
FNH:23
FNDA:169,buildParams
FNDA:26,(anonymous_1)
FNDA:160,DiscoveryPage
FNDA:90,(anonymous_3)
FNDA:87,(anonymous_4)
FNDA:3,(anonymous_5)
FNDA:5,(anonymous_6)
FNDA:8,(anonymous_7)
FNDA:7,(anonymous_8)
FNDA:1,(anonymous_9)
FNDA:1056,(anonymous_10)
FNDA:558,(anonymous_11)
FNDA:1,(anonymous_12)
FNDA:1,(anonymous_13)
FNDA:225,(anonymous_14)
FNDA:18,(anonymous_15)
FNDA:2,(anonymous_16)
FNDA:2,(anonymous_17)
FNDA:1,(anonymous_18)
FNDA:1,(anonymous_19)
FNDA:3,(anonymous_20)
FNDA:2,(anonymous_21)
FNDA:1,(anonymous_22)
DA:30,169
DA:31,169
DA:32,978
DA:33,547
DA:34,26
DA:36,525
DA:39,169
DA:42,1
DA:45,160
DA:46,160
DA:47,160
DA:48,160
DA:49,160
DA:50,160
DA:51,160
DA:53,160
DA:62,160
DA:65,90
DA:66,87
DA:67,84
DA:71,160
DA:72,160
DA:73,160
DA:74,160
DA:76,160
DA:77,160
DA:79,160
DA:81,160
DA:83,160
DA:84,3
DA:85,3
DA:86,3
DA:87,3
DA:88,3
DA:89,3
DA:92,160
DA:113,5
DA:114,5
DA:136,8
DA:137,8
DA:141,7
DA:142,7
DA:150,1
DA:157,1056
DA:175,558
DA:193,1
DA:204,225
DA:205,185
DA:206,40
DA:207,20
DA:208,20
DA:209,5
DA:211,15
DA:214,225
DA:218,18
DA:236,2
DA:263,1
DA:274,1
DA:285,3
DA:296,2
DA:308,1
LF:61
LH:61
BRDA:32,0,0,431
BRDA:32,0,1,547
BRDA:32,1,0,978
BRDA:32,1,1,552
BRDA:32,1,2,550
BRDA:32,1,3,548
BRDA:33,2,0,22
BRDA:33,2,1,525
BRDA:54,3,0,160
BRDA:54,3,1,134
BRDA:55,4,0,20
BRDA:55,4,1,140
BRDA:56,5,0,10
BRDA:56,5,1,150
BRDA:66,6,0,3
BRDA:66,6,1,84
BRDA:71,7,0,160
BRDA:71,7,1,91
BRDA:72,8,0,160
BRDA:72,8,1,91
BRDA:73,9,0,160
BRDA:73,9,1,91
BRDA:76,10,0,160
BRDA:76,10,1,159
BRDA:76,10,2,153
BRDA:77,11,0,160
BRDA:77,11,1,156
BRDA:77,11,2,153
BRDA:79,12,0,160
BRDA:79,12,1,158
BRDA:79,12,2,153
BRDA:79,12,3,66
BRDA:79,12,4,63
BRDA:81,13,0,160
BRDA:81,13,1,72
BRDA:81,13,2,65
BRDA:101,14,0,20
BRDA:101,14,1,140
BRDA:150,15,0,160
BRDA:150,15,1,7
BRDA:153,16,0,160
BRDA:153,16,1,88
BRDA:168,17,0,160
BRDA:168,17,1,4
BRDA:171,18,0,160
BRDA:171,18,1,61
BRDA:184,19,0,61
BRDA:184,19,1,45
BRDA:204,20,0,185
BRDA:204,20,1,40
BRDA:206,21,0,20
BRDA:206,21,1,20
BRDA:208,22,0,5
BRDA:208,22,1,15
BRDA:217,23,0,45
BRDA:217,23,1,180
BRDA:220,24,0,45
BRDA:220,24,1,180
BRDA:222,25,0,45
BRDA:222,25,1,180
BRDA:264,26,0,1
BRDA:264,26,1,159
BRDA:266,27,0,1
BRDA:266,27,1,159
BRDA:275,28,0,153
BRDA:275,28,1,7
BRDA:277,29,0,153
BRDA:277,29,1,7
BRDA:286,30,0,4
BRDA:286,30,1,156
BRDA:288,31,0,4
BRDA:288,31,1,156
BRDA:297,32,0,2
BRDA:297,32,1,158
BRDA:299,33,0,2
BRDA:299,33,1,158
BRDA:306,34,0,160
BRDA:306,34,1,67
BRF:78
BRH:78
end_of_record
